<?xml version="1.0" encoding="UTF-8"?>
<robot generator="Robot 7.0.1 (Python 3.12.4 on win32)" generated="2024-08-13T13:38:21.351340" rpa="false" schemaversion="5">
<suite id="s1" name="Tests" source="C:\Users\Vikto\source\repos\Robot Framework API Testing 2024\tests">
<suite id="s1-s1" name="TC 001 Get Request" source="C:\Users\Vikto\source\repos\Robot Framework API Testing 2024\tests\TC_001_Get_Request.robot">
<test id="s1-s1-t1" name="Get_Student_By_ID" line="11">
<kw name="test setup" owner="common" type="SETUP">
<kw name="Create Session" owner="RequestsLibrary">
<msg time="2024-08-13T13:38:21.663952" level="INFO">Creating Session using : alias=current_session, url=https://thetestingworldapi.com/, headers={},                     cookies={}, auth=None, timeout=None, proxies=None, verify=False,                     debug=0 </msg>
<arg>current_session</arg>
<arg>${base_url}</arg>
<doc>Create Session: create a HTTP session to a server</doc>
<status status="PASS" start="2024-08-13T13:38:21.662935" elapsed="0.001017"/>
</kw>
<status status="PASS" start="2024-08-13T13:38:21.662935" elapsed="0.001017"/>
</kw>
<kw name="GET On Session" owner="RequestsLibrary">
<msg time="2024-08-13T13:38:22.366037" level="INFO">GET Request : url=https://thetestingworldapi.com/api/studentsDetails/10305526 
 path_url=/api/studentsDetails/10305526 
 headers={'User-Agent': 'python-requests/2.32.3', 'Accept-Encoding': 'gzip, deflate', 'Accept': '*/*', 'Connection': 'keep-alive'} 
 body=None 
 </msg>
<msg time="2024-08-13T13:38:22.366037" level="INFO">GET Response : url=https://thetestingworldapi.com/api/studentsDetails/10305526 
 status=200, reason=OK 
 headers={'Cache-Control': 'no-cache', 'Pragma': 'no-cache', 'Content-Type': 'application/json; charset=utf-8', 'Expires': '-1', 'Server': 'Microsoft-IIS/10.0', 'X-AspNet-Version': '4.0.30319', 'X-Powered-By': 'ASP.NET', 'X-Powered-By-Plesk': 'PleskWin', 'Date': 'Tue, 13 Aug 2024 11:38:02 GMT', 'Content-Length': '136'} 
 body={"status":"true","data":{"id":10305526,"first_name":"Angelina","middle_name":"Jolie","last_name":"Pamela","date_of_birth":"01/03/1977"}} 
 </msg>
<msg time="2024-08-13T13:38:22.366037" level="INFO">C:\Users\Vikto\AppData\Local\Programs\Python\Python312\Lib\site-packages\urllib3\connectionpool.py:1099: InsecureRequestWarning: Unverified HTTPS request is being made to host 'thetestingworldapi.com'. Adding certificate verification is strongly advised. See: https://urllib3.readthedocs.io/en/latest/advanced-usage.html#tls-warnings
  warnings.warn(</msg>
<msg time="2024-08-13T13:38:22.367542" level="INFO">${response} = &lt;Response [200]&gt;</msg>
<var>${response}</var>
<arg>current_session</arg>
<arg>api/studentsDetails/${student_ID}</arg>
<doc>Sends a GET request on a previously created HTTP Session.</doc>
<status status="PASS" start="2024-08-13T13:38:21.663952" elapsed="0.703590"/>
</kw>
<kw name="Should Be Equal As Integers" owner="BuiltIn">
<msg time="2024-08-13T13:38:22.367542" level="INFO">Argument types are:
&lt;class 'int'&gt;
&lt;class 'str'&gt;</msg>
<arg>${response.status_code}</arg>
<arg>200</arg>
<doc>Fails if objects are unequal after converting them to integers.</doc>
<status status="PASS" start="2024-08-13T13:38:22.367542" elapsed="0.001009"/>
</kw>
<kw name="Convert String To Json" owner="JSONLibrary">
<msg time="2024-08-13T13:38:22.369071" level="INFO">${json} = {'status': 'true', 'data': {'id': 10305526, 'first_name': 'Angelina', 'middle_name': 'Jolie', 'last_name': 'Pamela', 'date_of_birth': '01/03/1977'}}</msg>
<var>${json}</var>
<arg>${response.content}</arg>
<doc>Convert String to JSON object</doc>
<status status="PASS" start="2024-08-13T13:38:22.368551" elapsed="0.000520"/>
</kw>
<kw name="Get Value From Json" owner="JSONLibrary">
<msg time="2024-08-13T13:38:22.378609" level="INFO">${first_name} = ['Angelina']</msg>
<var>${first_name}</var>
<arg>${json}</arg>
<arg>$..first_name</arg>
<doc>Get Value From JSON using JSONPath</doc>
<status status="PASS" start="2024-08-13T13:38:22.369071" elapsed="0.009538"/>
</kw>
<kw name="Should Be Equal As Strings" owner="BuiltIn">
<arg>${first_name[0]}</arg>
<arg>${expected_first_name}</arg>
<doc>Fails if objects are unequal after converting them to strings.</doc>
<status status="PASS" start="2024-08-13T13:38:22.378609" elapsed="0.000999"/>
</kw>
<kw name="test teardown" owner="common" type="TEARDOWN">
<kw name="Delete All Sessions" owner="RequestsLibrary">
<msg time="2024-08-13T13:38:22.380172" level="INFO">Deleting All Sessions</msg>
<doc>Removes all the session objects</doc>
<status status="PASS" start="2024-08-13T13:38:22.380172" elapsed="0.000000"/>
</kw>
<status status="PASS" start="2024-08-13T13:38:22.380172" elapsed="0.000000"/>
</kw>
<doc>Fetch a student by ID and validate its first name</doc>
<tag>api-test</tag>
<timeout value="15 seconds"/>
<status status="PASS" start="2024-08-13T13:38:21.662010" elapsed="0.718983"/>
</test>
<status status="PASS" start="2024-08-13T13:38:21.373822" elapsed="1.007440"/>
</suite>
<suite id="s1-s2" name="TC 002 Post Request" source="C:\Users\Vikto\source\repos\Robot Framework API Testing 2024\tests\TC_002_Post_Request.robot">
<test id="s1-s2-t1" name="TC_002_Validate_Post_Request" line="6">
<kw name="test setup" owner="common" type="SETUP">
<kw name="Create Session" owner="RequestsLibrary">
<msg time="2024-08-13T13:38:22.386294" level="INFO">Creating Session using : alias=current_session, url=https://thetestingworldapi.com/, headers={},                     cookies={}, auth=None, timeout=None, proxies=None, verify=False,                     debug=0 </msg>
<arg>current_session</arg>
<arg>${base_url}</arg>
<doc>Create Session: create a HTTP session to a server</doc>
<status status="PASS" start="2024-08-13T13:38:22.384788" elapsed="0.001506"/>
</kw>
<status status="PASS" start="2024-08-13T13:38:22.384788" elapsed="0.001506"/>
</kw>
<kw name="Load Json From File" owner="JSONLibrary">
<msg time="2024-08-13T13:38:22.386294" level="INFO">${body} = {'first_name': 'FirstName', 'middle_name': 'MiddleName', 'last_name': 'LastName', 'date_of_birth': '12/11/2004'}</msg>
<var>${body}</var>
<arg>C:\\Users\\Vikto\\source\\repos\\Robot Framework API Testing 2024\\tests/../resources/TC_002_Test_Data.json</arg>
<doc>Load JSON from file.</doc>
<status status="PASS" start="2024-08-13T13:38:22.386294" elapsed="0.000000"/>
</kw>
<kw name="POST On Session" owner="RequestsLibrary">
<msg time="2024-08-13T13:38:23.623894" level="INFO">POST Request : url=https://thetestingworldapi.com/api/studentsDetails 
 path_url=/api/studentsDetails 
 headers={'User-Agent': 'python-requests/2.32.3', 'Accept-Encoding': 'gzip, deflate', 'Accept': '*/*', 'Connection': 'keep-alive', 'Content-Type': 'application/json', 'Content-Length': '112'} 
 body=b'{"first_name": "FirstName", "middle_name": "MiddleName", "last_name": "LastName", "date_of_birth": "12/11/2004"}' 
 </msg>
<msg time="2024-08-13T13:38:23.623894" level="INFO">POST Response : url=https://thetestingworldapi.com/api/studentsDetails 
 status=201, reason=Created 
 headers={'Cache-Control': 'no-cache', 'Pragma': 'no-cache', 'Content-Type': 'application/json; charset=utf-8', 'Expires': '-1', 'Location': 'https://thetestingworldapi.com/api/studentsDetails/10305995', 'Server': 'Microsoft-IIS/10.0', 'X-AspNet-Version': '4.0.30319', 'X-Powered-By': 'ASP.NET', 'X-Powered-By-Plesk': 'PleskWin', 'Date': 'Tue, 13 Aug 2024 11:38:04 GMT', 'Content-Length': '119'} 
 body={"id":10305995,"first_name":"FirstName","middle_name":"MiddleName","last_name":"LastName","date_of_birth":"12/11/2004"} 
 </msg>
<msg time="2024-08-13T13:38:23.623894" level="INFO">C:\Users\Vikto\AppData\Local\Programs\Python\Python312\Lib\site-packages\urllib3\connectionpool.py:1099: InsecureRequestWarning: Unverified HTTPS request is being made to host 'thetestingworldapi.com'. Adding certificate verification is strongly advised. See: https://urllib3.readthedocs.io/en/latest/advanced-usage.html#tls-warnings
  warnings.warn(</msg>
<msg time="2024-08-13T13:38:23.625133" level="INFO">${response} = &lt;Response [201]&gt;</msg>
<var>${response}</var>
<arg>current_session</arg>
<arg>/api/studentsDetails</arg>
<arg>json=${body}</arg>
<arg>headers=&amp;{content_type_json}</arg>
<doc>Sends a POST request on a previously created HTTP Session.</doc>
<status status="PASS" start="2024-08-13T13:38:22.387297" elapsed="1.237836"/>
</kw>
<kw name="Should Be Equal As Integers" owner="BuiltIn">
<msg time="2024-08-13T13:38:23.626136" level="INFO">Argument types are:
&lt;class 'int'&gt;
&lt;class 'str'&gt;</msg>
<arg>${response.status_code}</arg>
<arg>201</arg>
<doc>Fails if objects are unequal after converting them to integers.</doc>
<status status="PASS" start="2024-08-13T13:38:23.625133" elapsed="0.001003"/>
</kw>
<kw name="Convert String To Json" owner="JSONLibrary">
<msg time="2024-08-13T13:38:23.626942" level="INFO">${json} = {'id': 10305995, 'first_name': 'FirstName', 'middle_name': 'MiddleName', 'last_name': 'LastName', 'date_of_birth': '12/11/2004'}</msg>
<var>${json}</var>
<arg>${response.content}</arg>
<doc>Convert String to JSON object</doc>
<status status="PASS" start="2024-08-13T13:38:23.626136" elapsed="0.000806"/>
</kw>
<kw name="Get Value From Json" owner="JSONLibrary">
<msg time="2024-08-13T13:38:23.635981" level="INFO">${first_name} = ['FirstName']</msg>
<var>${first_name}</var>
<arg>${json}</arg>
<arg>$..first_name</arg>
<arg>fail_on_empty=${True}</arg>
<doc>Get Value From JSON using JSONPath</doc>
<status status="PASS" start="2024-08-13T13:38:23.627449" elapsed="0.008532"/>
</kw>
<kw name="Should Be Equal As Strings" owner="BuiltIn">
<arg>${first_name[0]}</arg>
<arg>FirstName</arg>
<doc>Fails if objects are unequal after converting them to strings.</doc>
<status status="PASS" start="2024-08-13T13:38:23.635981" elapsed="0.000000"/>
</kw>
<kw name="test teardown" owner="common" type="TEARDOWN">
<kw name="Delete All Sessions" owner="RequestsLibrary">
<msg time="2024-08-13T13:38:23.637491" level="INFO">Deleting All Sessions</msg>
<doc>Removes all the session objects</doc>
<status status="PASS" start="2024-08-13T13:38:23.637491" elapsed="0.000000"/>
</kw>
<status status="PASS" start="2024-08-13T13:38:23.637491" elapsed="0.000000"/>
</kw>
<doc>Create a new student</doc>
<tag>api</tag>
<timeout value="15 seconds"/>
<status status="PASS" start="2024-08-13T13:38:22.384788" elapsed="1.252703"/>
</test>
<status status="PASS" start="2024-08-13T13:38:22.381779" elapsed="1.255712"/>
</suite>
<suite id="s1-s3" name="TC 003 Delete Request" source="C:\Users\Vikto\source\repos\Robot Framework API Testing 2024\tests\TC_003_Delete_Request.robot">
<test id="s1-s3-t1" name="TC_003_Validate_Delete_Request" line="6">
<kw name="test setup" owner="common" type="SETUP">
<kw name="Create Session" owner="RequestsLibrary">
<msg time="2024-08-13T13:38:23.643912" level="INFO">Creating Session using : alias=current_session, url=https://thetestingworldapi.com/, headers={},                     cookies={}, auth=None, timeout=None, proxies=None, verify=False,                     debug=0 </msg>
<arg>current_session</arg>
<arg>${base_url}</arg>
<doc>Create Session: create a HTTP session to a server</doc>
<status status="PASS" start="2024-08-13T13:38:23.642908" elapsed="0.001004"/>
</kw>
<status status="PASS" start="2024-08-13T13:38:23.642908" elapsed="0.001004"/>
</kw>
<kw name="Load Json From File" owner="JSONLibrary">
<msg time="2024-08-13T13:38:23.643912" level="INFO">${body} = {'first_name': 'FIRST_NAME', 'middle_name': 'MIDDLE_NAME', 'last_name': 'LAST_NAME', 'date_of_birth': '31.12.1999'}</msg>
<var>${body}</var>
<arg>C:\\Users\\Vikto\\source\\repos\\Robot Framework API Testing 2024\\tests/../resources/TC_003_Test_Data.json</arg>
<doc>Load JSON from file.</doc>
<status status="PASS" start="2024-08-13T13:38:23.643912" elapsed="0.000000"/>
</kw>
<kw name="POST On Session" owner="RequestsLibrary">
<msg time="2024-08-13T13:38:24.197329" level="INFO">POST Request : url=https://thetestingworldapi.com/api/studentsDetails 
 path_url=/api/studentsDetails 
 headers={'User-Agent': 'python-requests/2.32.3', 'Accept-Encoding': 'gzip, deflate', 'Accept': '*/*', 'Connection': 'keep-alive', 'Content-Type': 'application/json', 'Content-Length': '115'} 
 body=b'{"first_name": "FIRST_NAME", "middle_name": "MIDDLE_NAME", "last_name": "LAST_NAME", "date_of_birth": "31.12.1999"}' 
 </msg>
<msg time="2024-08-13T13:38:24.197329" level="INFO">POST Response : url=https://thetestingworldapi.com/api/studentsDetails 
 status=201, reason=Created 
 headers={'Cache-Control': 'no-cache', 'Pragma': 'no-cache', 'Content-Type': 'application/json; charset=utf-8', 'Expires': '-1', 'Location': 'https://thetestingworldapi.com/api/studentsDetails/10305996', 'Server': 'Microsoft-IIS/10.0', 'X-AspNet-Version': '4.0.30319', 'X-Powered-By': 'ASP.NET', 'X-Powered-By-Plesk': 'PleskWin', 'Date': 'Tue, 13 Aug 2024 11:38:04 GMT', 'Content-Length': '122'} 
 body={"id":10305996,"first_name":"FIRST_NAME","middle_name":"MIDDLE_NAME","last_name":"LAST_NAME","date_of_birth":"31.12.1999"} 
 </msg>
<msg time="2024-08-13T13:38:24.197329" level="INFO">C:\Users\Vikto\AppData\Local\Programs\Python\Python312\Lib\site-packages\urllib3\connectionpool.py:1099: InsecureRequestWarning: Unverified HTTPS request is being made to host 'thetestingworldapi.com'. Adding certificate verification is strongly advised. See: https://urllib3.readthedocs.io/en/latest/advanced-usage.html#tls-warnings
  warnings.warn(</msg>
<msg time="2024-08-13T13:38:24.197836" level="INFO">${post_response} = &lt;Response [201]&gt;</msg>
<var>${post_response}</var>
<arg>current_session</arg>
<arg>/api/studentsDetails</arg>
<arg>json=${body}</arg>
<arg>headers=&amp;{content_type_json}</arg>
<doc>Sends a POST request on a previously created HTTP Session.</doc>
<status status="PASS" start="2024-08-13T13:38:23.644912" elapsed="0.552924"/>
</kw>
<kw name="Should Be Equal As Integers" owner="BuiltIn">
<msg time="2024-08-13T13:38:24.198894" level="INFO">Argument types are:
&lt;class 'int'&gt;
&lt;class 'str'&gt;</msg>
<arg>${post_response.status_code}</arg>
<arg>201</arg>
<doc>Fails if objects are unequal after converting them to integers.</doc>
<status status="PASS" start="2024-08-13T13:38:24.197836" elapsed="0.001058"/>
</kw>
<kw name="Convert String To Json" owner="JSONLibrary">
<msg time="2024-08-13T13:38:24.199901" level="INFO">${json} = {'id': 10305996, 'first_name': 'FIRST_NAME', 'middle_name': 'MIDDLE_NAME', 'last_name': 'LAST_NAME', 'date_of_birth': '31.12.1999'}</msg>
<var>${json}</var>
<arg>${post_response.content}</arg>
<doc>Convert String to JSON object</doc>
<status status="PASS" start="2024-08-13T13:38:24.198894" elapsed="0.001007"/>
</kw>
<kw name="Get Value From Json" owner="JSONLibrary">
<msg time="2024-08-13T13:38:24.209468" level="INFO">${create_IDs} = [10305996]</msg>
<var>${create_IDs}</var>
<arg>${json}</arg>
<arg>$..id</arg>
<doc>Get Value From JSON using JSONPath</doc>
<status status="PASS" start="2024-08-13T13:38:24.199901" elapsed="0.009567"/>
</kw>
<kw name="Get Variable Value" owner="BuiltIn">
<msg time="2024-08-13T13:38:24.209880" level="INFO">${create_ID} = 10305996</msg>
<var>${create_ID}</var>
<arg>${create_IDs[0]}</arg>
<doc>Returns variable value or ``default`` if the variable does not exist.</doc>
<status status="PASS" start="2024-08-13T13:38:24.209880" elapsed="0.000000"/>
</kw>
<kw name="GET On Session" owner="RequestsLibrary">
<msg time="2024-08-13T13:38:24.381497" level="INFO">GET Request : url=https://thetestingworldapi.com/api/studentsDetails/10305996 
 path_url=/api/studentsDetails/10305996 
 headers={'User-Agent': 'python-requests/2.32.3', 'Accept-Encoding': 'gzip, deflate', 'Accept': '*/*', 'Connection': 'keep-alive'} 
 body=None 
 </msg>
<msg time="2024-08-13T13:38:24.381497" level="INFO">GET Response : url=https://thetestingworldapi.com/api/studentsDetails/10305996 
 status=200, reason=OK 
 headers={'Cache-Control': 'no-cache', 'Pragma': 'no-cache', 'Content-Type': 'application/json; charset=utf-8', 'Expires': '-1', 'Server': 'Microsoft-IIS/10.0', 'X-AspNet-Version': '4.0.30319', 'X-Powered-By': 'ASP.NET', 'X-Powered-By-Plesk': 'PleskWin', 'Date': 'Tue, 13 Aug 2024 11:38:04 GMT', 'Content-Length': '147'} 
 body={"status":"true","data":{"id":10305996,"first_name":"FIRST_NAME","middle_name":"MIDDLE_NAME","last_name":"LAST_NAME","date_of_birth":"31.12.1999"}} 
 </msg>
<msg time="2024-08-13T13:38:24.381497" level="INFO">C:\Users\Vikto\AppData\Local\Programs\Python\Python312\Lib\site-packages\urllib3\connectionpool.py:1099: InsecureRequestWarning: Unverified HTTPS request is being made to host 'thetestingworldapi.com'. Adding certificate verification is strongly advised. See: https://urllib3.readthedocs.io/en/latest/advanced-usage.html#tls-warnings
  warnings.warn(</msg>
<msg time="2024-08-13T13:38:24.382448" level="INFO">${get_response} = &lt;Response [200]&gt;</msg>
<var>${get_response}</var>
<arg>current_session</arg>
<arg>/api/studentsDetails/${create_ID}</arg>
<doc>Sends a GET request on a previously created HTTP Session.</doc>
<status status="PASS" start="2024-08-13T13:38:24.210899" elapsed="0.171549"/>
</kw>
<kw name="Should Be Equal As Integers" owner="BuiltIn">
<msg time="2024-08-13T13:38:24.385035" level="INFO">Argument types are:
&lt;class 'int'&gt;
&lt;class 'str'&gt;</msg>
<arg>${get_response.status_code}</arg>
<arg>200</arg>
<doc>Fails if objects are unequal after converting them to integers.</doc>
<status status="PASS" start="2024-08-13T13:38:24.383448" elapsed="0.001587"/>
</kw>
<kw name="DELETE On Session" owner="RequestsLibrary">
<msg time="2024-08-13T13:38:24.555971" level="INFO">DELETE Request : url=https://thetestingworldapi.com/api/studentsDetails/10305996 
 path_url=/api/studentsDetails/10305996 
 headers={'User-Agent': 'python-requests/2.32.3', 'Accept-Encoding': 'gzip, deflate', 'Accept': '*/*', 'Connection': 'keep-alive', 'Content-Length': '0'} 
 body=None 
 </msg>
<msg time="2024-08-13T13:38:24.555971" level="INFO">DELETE Response : url=https://thetestingworldapi.com/api/studentsDetails/10305996 
 status=200, reason=OK 
 headers={'Cache-Control': 'no-cache', 'Pragma': 'no-cache', 'Content-Type': 'application/json; charset=utf-8', 'Expires': '-1', 'Server': 'Microsoft-IIS/10.0', 'X-AspNet-Version': '4.0.30319', 'X-Powered-By': 'ASP.NET', 'X-Powered-By-Plesk': 'PleskWin', 'Date': 'Tue, 13 Aug 2024 11:38:04 GMT', 'Content-Length': '46'} 
 body={"status":"true","msg":"Delete  data success"} 
 </msg>
<msg time="2024-08-13T13:38:24.555971" level="INFO">C:\Users\Vikto\AppData\Local\Programs\Python\Python312\Lib\site-packages\urllib3\connectionpool.py:1099: InsecureRequestWarning: Unverified HTTPS request is being made to host 'thetestingworldapi.com'. Adding certificate verification is strongly advised. See: https://urllib3.readthedocs.io/en/latest/advanced-usage.html#tls-warnings
  warnings.warn(</msg>
<msg time="2024-08-13T13:38:24.556986" level="INFO">${delete_response} = &lt;Response [200]&gt;</msg>
<var>${delete_response}</var>
<arg>current_session</arg>
<arg>/api/studentsDetails/${create_ID}</arg>
<doc>Sends a DELETE request on a previously created HTTP Session.</doc>
<status status="PASS" start="2024-08-13T13:38:24.385035" elapsed="0.171951"/>
</kw>
<kw name="Should Be Equal As Integers" owner="BuiltIn">
<msg time="2024-08-13T13:38:24.557492" level="INFO">Argument types are:
&lt;class 'int'&gt;
&lt;class 'str'&gt;</msg>
<arg>${delete_response.status_code}</arg>
<arg>200</arg>
<doc>Fails if objects are unequal after converting them to integers.</doc>
<status status="PASS" start="2024-08-13T13:38:24.557492" elapsed="0.000000"/>
</kw>
<kw name="Convert String To Json" owner="JSONLibrary">
<msg time="2024-08-13T13:38:24.558955" level="INFO">${delete_response_json} = {'status': 'true', 'msg': 'Delete  data success'}</msg>
<var>${delete_response_json}</var>
<arg>${delete_response.content}</arg>
<doc>Convert String to JSON object</doc>
<status status="PASS" start="2024-08-13T13:38:24.557492" elapsed="0.001463"/>
</kw>
<kw name="Get Value From Json" owner="JSONLibrary">
<msg time="2024-08-13T13:38:24.574532" level="INFO">${delete_status} = ['true']</msg>
<var>${delete_status}</var>
<arg>${delete_response_json}</arg>
<arg>status</arg>
<doc>Get Value From JSON using JSONPath</doc>
<status status="PASS" start="2024-08-13T13:38:24.558955" elapsed="0.015577"/>
</kw>
<kw name="Should Be Equal As Strings" owner="BuiltIn">
<arg>${delete_status[0]}</arg>
<arg>true</arg>
<doc>Fails if objects are unequal after converting them to strings.</doc>
<status status="PASS" start="2024-08-13T13:38:24.574532" elapsed="0.000997"/>
</kw>
<kw name="test teardown" owner="common" type="TEARDOWN">
<kw name="Delete All Sessions" owner="RequestsLibrary">
<msg time="2024-08-13T13:38:24.575529" level="INFO">Deleting All Sessions</msg>
<doc>Removes all the session objects</doc>
<status status="PASS" start="2024-08-13T13:38:24.575529" elapsed="0.000000"/>
</kw>
<status status="PASS" start="2024-08-13T13:38:24.575529" elapsed="0.000000"/>
</kw>
<doc>Create a new student then delete it</doc>
<tag>api</tag>
<timeout value="15 seconds"/>
<status status="PASS" start="2024-08-13T13:38:23.642908" elapsed="0.933626"/>
</test>
<status status="PASS" start="2024-08-13T13:38:23.638511" elapsed="0.938023"/>
</suite>
<suite id="s1-s4" name="TC 004 Put Request" source="C:\Users\Vikto\source\repos\Robot Framework API Testing 2024\tests\TC_004_Put_Request.robot">
<test id="s1-s4-t1" name="TC_004_Validate_Put_Request" line="6">
<kw name="test setup" owner="common" type="SETUP">
<kw name="Create Session" owner="RequestsLibrary">
<msg time="2024-08-13T13:38:24.582552" level="INFO">Creating Session using : alias=current_session, url=https://thetestingworldapi.com/, headers={},                     cookies={}, auth=None, timeout=None, proxies=None, verify=False,                     debug=0 </msg>
<arg>current_session</arg>
<arg>${base_url}</arg>
<doc>Create Session: create a HTTP session to a server</doc>
<status status="PASS" start="2024-08-13T13:38:24.581552" elapsed="0.001000"/>
</kw>
<status status="PASS" start="2024-08-13T13:38:24.581552" elapsed="0.001000"/>
</kw>
<kw name="Load Json From File" owner="JSONLibrary">
<msg time="2024-08-13T13:38:24.582552" level="INFO">${test_data_json} = {'CreateData': {'first_name': 'FirstName', 'middle_name': 'MiddleName', 'last_name': 'LastName', 'date_of_birth': '12/11/2004'}, 'UpdateData': {'first_name': 'NewFirstName', 'middle_name': 'NewMiddleN...</msg>
<var>${test_data_json}</var>
<arg>C:\\Users\\Vikto\\source\\repos\\Robot Framework API Testing 2024\\tests/../resources/TC_004_Test_Data.json</arg>
<doc>Load JSON from file.</doc>
<status status="PASS" start="2024-08-13T13:38:24.582552" elapsed="0.000000"/>
</kw>
<kw name="Get From Dictionary" owner="Collections">
<msg time="2024-08-13T13:38:24.583552" level="INFO">${create_student_json} = {'first_name': 'FirstName', 'middle_name': 'MiddleName', 'last_name': 'LastName', 'date_of_birth': '12/11/2004'}</msg>
<var>${create_student_json}</var>
<arg>${test_data_json}</arg>
<arg>CreateData</arg>
<doc>Returns a value from the given ``dictionary`` based on the given ``key``.</doc>
<status status="PASS" start="2024-08-13T13:38:24.583552" elapsed="0.000000"/>
</kw>
<kw name="Get From Dictionary" owner="Collections">
<msg time="2024-08-13T13:38:24.584552" level="INFO">${update_student_json} = {'first_name': 'NewFirstName', 'middle_name': 'NewMiddleName', 'last_name': 'NewLastName', 'date_of_birth': '08/03/2005'}</msg>
<var>${update_student_json}</var>
<arg>${test_data_json}</arg>
<arg>UpdateData</arg>
<doc>Returns a value from the given ``dictionary`` based on the given ``key``.</doc>
<status status="PASS" start="2024-08-13T13:38:24.583552" elapsed="0.001000"/>
</kw>
<kw name="POST On Session" owner="RequestsLibrary">
<msg time="2024-08-13T13:38:25.091997" level="INFO">POST Request : url=https://thetestingworldapi.com/api/studentsDetails 
 path_url=/api/studentsDetails 
 headers={'User-Agent': 'python-requests/2.32.3', 'Accept-Encoding': 'gzip, deflate', 'Accept': '*/*', 'Connection': 'keep-alive', 'Content-Type': 'application/json', 'Content-Length': '112'} 
 body=b'{"first_name": "FirstName", "middle_name": "MiddleName", "last_name": "LastName", "date_of_birth": "12/11/2004"}' 
 </msg>
<msg time="2024-08-13T13:38:25.091997" level="INFO">POST Response : url=https://thetestingworldapi.com/api/studentsDetails 
 status=201, reason=Created 
 headers={'Cache-Control': 'no-cache', 'Pragma': 'no-cache', 'Content-Type': 'application/json; charset=utf-8', 'Expires': '-1', 'Location': 'https://thetestingworldapi.com/api/studentsDetails/10305997', 'Server': 'Microsoft-IIS/10.0', 'X-AspNet-Version': '4.0.30319', 'X-Powered-By': 'ASP.NET', 'X-Powered-By-Plesk': 'PleskWin', 'Date': 'Tue, 13 Aug 2024 11:38:05 GMT', 'Content-Length': '119'} 
 body={"id":10305997,"first_name":"FirstName","middle_name":"MiddleName","last_name":"LastName","date_of_birth":"12/11/2004"} 
 </msg>
<msg time="2024-08-13T13:38:25.091997" level="INFO">C:\Users\Vikto\AppData\Local\Programs\Python\Python312\Lib\site-packages\urllib3\connectionpool.py:1099: InsecureRequestWarning: Unverified HTTPS request is being made to host 'thetestingworldapi.com'. Adding certificate verification is strongly advised. See: https://urllib3.readthedocs.io/en/latest/advanced-usage.html#tls-warnings
  warnings.warn(</msg>
<msg time="2024-08-13T13:38:25.092998" level="INFO">${post_response} = &lt;Response [201]&gt;</msg>
<var>${post_response}</var>
<arg>current_session</arg>
<arg>/api/studentsDetails</arg>
<arg>json=${create_student_json}</arg>
<arg>headers=&amp;{content_type_json}</arg>
<doc>Sends a POST request on a previously created HTTP Session.</doc>
<status status="PASS" start="2024-08-13T13:38:24.584552" elapsed="0.508446"/>
</kw>
<kw name="Should Be Equal As Integers" owner="BuiltIn">
<msg time="2024-08-13T13:38:25.092998" level="INFO">Argument types are:
&lt;class 'int'&gt;
&lt;class 'str'&gt;</msg>
<arg>${post_response.status_code}</arg>
<arg>201</arg>
<doc>Fails if objects are unequal after converting them to integers.</doc>
<status status="PASS" start="2024-08-13T13:38:25.092998" elapsed="0.001000"/>
</kw>
<kw name="Convert String To Json" owner="JSONLibrary">
<msg time="2024-08-13T13:38:25.093998" level="INFO">${post_response_json} = {'id': 10305997, 'first_name': 'FirstName', 'middle_name': 'MiddleName', 'last_name': 'LastName', 'date_of_birth': '12/11/2004'}</msg>
<var>${post_response_json}</var>
<arg>${post_response.content}</arg>
<doc>Convert String to JSON object</doc>
<status status="PASS" start="2024-08-13T13:38:25.093998" elapsed="0.000000"/>
</kw>
<kw name="Get Value From Json" owner="JSONLibrary">
<msg time="2024-08-13T13:38:25.102580" level="INFO">${create_IDs} = [10305997]</msg>
<var>${create_IDs}</var>
<arg>${post_response_json}</arg>
<arg>$..id</arg>
<doc>Get Value From JSON using JSONPath</doc>
<status status="PASS" start="2024-08-13T13:38:25.094999" elapsed="0.007581"/>
</kw>
<kw name="Get Variable Value" owner="BuiltIn">
<msg time="2024-08-13T13:38:25.103559" level="INFO">${create_ID} = 10305997</msg>
<var>${create_ID}</var>
<arg>${create_IDs[0]}</arg>
<doc>Returns variable value or ``default`` if the variable does not exist.</doc>
<status status="PASS" start="2024-08-13T13:38:25.102580" elapsed="0.000979"/>
</kw>
<kw name="GET On Session" owner="RequestsLibrary">
<msg time="2024-08-13T13:38:25.265165" level="INFO">GET Request : url=https://thetestingworldapi.com/api/studentsDetails/10305997 
 path_url=/api/studentsDetails/10305997 
 headers={'User-Agent': 'python-requests/2.32.3', 'Accept-Encoding': 'gzip, deflate', 'Accept': '*/*', 'Connection': 'keep-alive'} 
 body=None 
 </msg>
<msg time="2024-08-13T13:38:25.265165" level="INFO">GET Response : url=https://thetestingworldapi.com/api/studentsDetails/10305997 
 status=200, reason=OK 
 headers={'Cache-Control': 'no-cache', 'Pragma': 'no-cache', 'Content-Type': 'application/json; charset=utf-8', 'Expires': '-1', 'Server': 'Microsoft-IIS/10.0', 'X-AspNet-Version': '4.0.30319', 'X-Powered-By': 'ASP.NET', 'X-Powered-By-Plesk': 'PleskWin', 'Date': 'Tue, 13 Aug 2024 11:38:05 GMT', 'Content-Length': '144'} 
 body={"status":"true","data":{"id":10305997,"first_name":"FirstName","middle_name":"MiddleName","last_name":"LastName","date_of_birth":"12/11/2004"}} 
 </msg>
<msg time="2024-08-13T13:38:25.265165" level="INFO">C:\Users\Vikto\AppData\Local\Programs\Python\Python312\Lib\site-packages\urllib3\connectionpool.py:1099: InsecureRequestWarning: Unverified HTTPS request is being made to host 'thetestingworldapi.com'. Adding certificate verification is strongly advised. See: https://urllib3.readthedocs.io/en/latest/advanced-usage.html#tls-warnings
  warnings.warn(</msg>
<msg time="2024-08-13T13:38:25.265165" level="INFO">${get_response} = &lt;Response [200]&gt;</msg>
<var>${get_response}</var>
<arg>current_session</arg>
<arg>/api/studentsDetails/${create_ID}</arg>
<doc>Sends a GET request on a previously created HTTP Session.</doc>
<status status="PASS" start="2024-08-13T13:38:25.103559" elapsed="0.161606"/>
</kw>
<kw name="Should Be Equal As Integers" owner="BuiltIn">
<msg time="2024-08-13T13:38:25.266332" level="INFO">Argument types are:
&lt;class 'int'&gt;
&lt;class 'str'&gt;</msg>
<arg>${get_response.status_code}</arg>
<arg>200</arg>
<doc>Fails if objects are unequal after converting them to integers.</doc>
<status status="PASS" start="2024-08-13T13:38:25.266332" elapsed="0.000000"/>
</kw>
<kw name="Set To Dictionary" owner="Collections">
<arg>${update_student_json}</arg>
<arg>id=${create_ID}</arg>
<doc>Adds the given ``key_value_pairs`` and/or ``items`` to the ``dictionary``.</doc>
<status status="PASS" start="2024-08-13T13:38:25.267332" elapsed="0.000505"/>
</kw>
<kw name="PUT On Session" owner="RequestsLibrary">
<msg time="2024-08-13T13:38:25.437412" level="INFO">PUT Request : url=https://thetestingworldapi.com/api/studentsDetails/10305997 
 path_url=/api/studentsDetails/10305997 
 headers={'User-Agent': 'python-requests/2.32.3', 'Accept-Encoding': 'gzip, deflate', 'Accept': '*/*', 'Connection': 'keep-alive', 'Content-Type': 'application/json', 'Content-Length': '137'} 
 body=b'{"first_name": "NewFirstName", "middle_name": "NewMiddleName", "last_name": "NewLastName", "date_of_birth": "08/03/2005", "id": 10305997}' 
 </msg>
<msg time="2024-08-13T13:38:25.437412" level="INFO">PUT Response : url=https://thetestingworldapi.com/api/studentsDetails/10305997 
 status=200, reason=OK 
 headers={'Cache-Control': 'no-cache', 'Pragma': 'no-cache', 'Content-Type': 'application/json; charset=utf-8', 'Expires': '-1', 'Server': 'Microsoft-IIS/10.0', 'X-AspNet-Version': '4.0.30319', 'X-Powered-By': 'ASP.NET', 'X-Powered-By-Plesk': 'PleskWin', 'Date': 'Tue, 13 Aug 2024 11:38:05 GMT', 'Content-Length': '46'} 
 body={"status":"true","msg":"update  data success"} 
 </msg>
<msg time="2024-08-13T13:38:25.437412" level="INFO">C:\Users\Vikto\AppData\Local\Programs\Python\Python312\Lib\site-packages\urllib3\connectionpool.py:1099: InsecureRequestWarning: Unverified HTTPS request is being made to host 'thetestingworldapi.com'. Adding certificate verification is strongly advised. See: https://urllib3.readthedocs.io/en/latest/advanced-usage.html#tls-warnings
  warnings.warn(</msg>
<msg time="2024-08-13T13:38:25.438844" level="INFO">${put_response} = &lt;Response [200]&gt;</msg>
<var>${put_response}</var>
<arg>current_session</arg>
<arg>/api/studentsDetails/${create_ID}</arg>
<arg>json=${update_student_json}</arg>
<arg>headers=&amp;{content_type_json}</arg>
<doc>Sends a PUT request on a previously created HTTP Session.</doc>
<status status="PASS" start="2024-08-13T13:38:25.267837" elapsed="0.171007"/>
</kw>
<kw name="Log To Console" owner="BuiltIn">
<arg>PUT RESPONSE: ${put_response.content}</arg>
<doc>Logs the given message to the console.</doc>
<status status="PASS" start="2024-08-13T13:38:25.438844" elapsed="0.001483"/>
</kw>
<kw name="Should Be Equal As Integers" owner="BuiltIn">
<msg time="2024-08-13T13:38:25.441330" level="INFO">Argument types are:
&lt;class 'int'&gt;
&lt;class 'str'&gt;</msg>
<arg>${put_response.status_code}</arg>
<arg>200</arg>
<doc>Fails if objects are unequal after converting them to integers.</doc>
<status status="PASS" start="2024-08-13T13:38:25.440327" elapsed="0.001003"/>
</kw>
<kw name="Convert String To Json" owner="JSONLibrary">
<msg time="2024-08-13T13:38:25.441330" level="INFO">${put_response_json} = {'status': 'true', 'msg': 'update  data success'}</msg>
<var>${put_response_json}</var>
<arg>${put_response.content}</arg>
<doc>Convert String to JSON object</doc>
<status status="PASS" start="2024-08-13T13:38:25.441330" elapsed="0.000000"/>
</kw>
<kw name="Get Value From Json" owner="JSONLibrary">
<msg time="2024-08-13T13:38:25.450581" level="INFO">${put_status} = ['true']</msg>
<var>${put_status}</var>
<arg>${put_response_json}</arg>
<arg>status</arg>
<doc>Get Value From JSON using JSONPath</doc>
<status status="PASS" start="2024-08-13T13:38:25.441330" elapsed="0.009251"/>
</kw>
<kw name="Should Be Equal As Strings" owner="BuiltIn">
<arg>${put_status[0]}</arg>
<arg>true</arg>
<doc>Fails if objects are unequal after converting them to strings.</doc>
<status status="PASS" start="2024-08-13T13:38:25.450581" elapsed="0.001399"/>
</kw>
<kw name="GET On Session" owner="RequestsLibrary">
<msg time="2024-08-13T13:38:25.616319" level="INFO">GET Request : url=https://thetestingworldapi.com/api/studentsDetails/10305997 
 path_url=/api/studentsDetails/10305997 
 headers={'User-Agent': 'python-requests/2.32.3', 'Accept-Encoding': 'gzip, deflate', 'Accept': '*/*', 'Connection': 'keep-alive'} 
 body=None 
 </msg>
<msg time="2024-08-13T13:38:25.616319" level="INFO">GET Response : url=https://thetestingworldapi.com/api/studentsDetails/10305997 
 status=200, reason=OK 
 headers={'Cache-Control': 'no-cache', 'Pragma': 'no-cache', 'Content-Type': 'application/json; charset=utf-8', 'Expires': '-1', 'Server': 'Microsoft-IIS/10.0', 'X-AspNet-Version': '4.0.30319', 'X-Powered-By': 'ASP.NET', 'X-Powered-By-Plesk': 'PleskWin', 'Date': 'Tue, 13 Aug 2024 11:38:05 GMT', 'Content-Length': '153'} 
 body={"status":"true","data":{"id":10305997,"first_name":"NewFirstName","middle_name":"NewMiddleName","last_name":"NewLastName","date_of_birth":"08/03/2005"}} 
 </msg>
<msg time="2024-08-13T13:38:25.616319" level="INFO">C:\Users\Vikto\AppData\Local\Programs\Python\Python312\Lib\site-packages\urllib3\connectionpool.py:1099: InsecureRequestWarning: Unverified HTTPS request is being made to host 'thetestingworldapi.com'. Adding certificate verification is strongly advised. See: https://urllib3.readthedocs.io/en/latest/advanced-usage.html#tls-warnings
  warnings.warn(</msg>
<msg time="2024-08-13T13:38:25.617758" level="INFO">${get_response} = &lt;Response [200]&gt;</msg>
<var>${get_response}</var>
<arg>current_session</arg>
<arg>/api/studentsDetails/${create_ID}</arg>
<doc>Sends a GET request on a previously created HTTP Session.</doc>
<status status="PASS" start="2024-08-13T13:38:25.451980" elapsed="0.165778"/>
</kw>
<kw name="Should Be Equal As Integers" owner="BuiltIn">
<msg time="2024-08-13T13:38:25.619035" level="INFO">Argument types are:
&lt;class 'int'&gt;
&lt;class 'str'&gt;</msg>
<arg>${get_response.status_code}</arg>
<arg>200</arg>
<doc>Fails if objects are unequal after converting them to integers.</doc>
<status status="PASS" start="2024-08-13T13:38:25.617758" elapsed="0.001277"/>
</kw>
<kw name="Convert String To Json" owner="JSONLibrary">
<msg time="2024-08-13T13:38:25.620035" level="INFO">${get_request_json} = {'status': 'true', 'data': {'id': 10305997, 'first_name': 'NewFirstName', 'middle_name': 'NewMiddleName', 'last_name': 'NewLastName', 'date_of_birth': '08/03/2005'}}</msg>
<var>${get_request_json}</var>
<arg>${get_response.content}</arg>
<doc>Convert String to JSON object</doc>
<status status="PASS" start="2024-08-13T13:38:25.619035" elapsed="0.001000"/>
</kw>
<kw name="Get Value From Json" owner="JSONLibrary">
<msg time="2024-08-13T13:38:25.628538" level="INFO">${updated_json} = [{'id': 10305997, 'first_name': 'NewFirstName', 'middle_name': 'NewMiddleName', 'last_name': 'NewLastName', 'date_of_birth': '08/03/2005'}]</msg>
<var>${updated_json}</var>
<arg>${get_request_json}</arg>
<arg>$..data</arg>
<doc>Get Value From JSON using JSONPath</doc>
<status status="PASS" start="2024-08-13T13:38:25.620035" elapsed="0.008503"/>
</kw>
<kw name="Dictionaries Should Be Equal" owner="Collections">
<arg>${update_student_json}</arg>
<arg>${updated_json[0]}</arg>
<doc>Fails if the given dictionaries are not equal.</doc>
<status status="PASS" start="2024-08-13T13:38:25.628538" elapsed="0.001404"/>
</kw>
<kw name="test teardown" owner="common" type="TEARDOWN">
<kw name="Delete All Sessions" owner="RequestsLibrary">
<msg time="2024-08-13T13:38:25.629942" level="INFO">Deleting All Sessions</msg>
<doc>Removes all the session objects</doc>
<status status="PASS" start="2024-08-13T13:38:25.629942" elapsed="0.000000"/>
</kw>
<status status="PASS" start="2024-08-13T13:38:25.629942" elapsed="0.000000"/>
</kw>
<doc>Create a new student then update it</doc>
<tag>api</tag>
<timeout value="15 seconds"/>
<status status="PASS" start="2024-08-13T13:38:24.581552" elapsed="1.049390"/>
</test>
<status status="PASS" start="2024-08-13T13:38:24.577529" elapsed="1.053413"/>
</suite>
<suite id="s1-s5" name="TC 005 Post With Simple Template" source="C:\Users\Vikto\source\repos\Robot Framework API Testing 2024\tests\TC_005_Post_With_Simple_Template.robot">
<kw name="test setup" owner="common" type="SETUP">
<kw name="Create Session" owner="RequestsLibrary">
<msg time="2024-08-13T13:38:25.635943" level="INFO">Creating Session using : alias=current_session, url=https://thetestingworldapi.com/, headers={},                     cookies={}, auth=None, timeout=None, proxies=None, verify=False,                     debug=0 </msg>
<arg>current_session</arg>
<arg>${base_url}</arg>
<doc>Create Session: create a HTTP session to a server</doc>
<status status="PASS" start="2024-08-13T13:38:25.635943" elapsed="0.000000"/>
</kw>
<status status="PASS" start="2024-08-13T13:38:25.635943" elapsed="0.000771"/>
</kw>
<test id="s1-s5-t1" name="Lower_case" line="11">
<kw name="Create New Student">
<kw name="Create Dictionary" owner="BuiltIn">
<msg time="2024-08-13T13:38:25.637221" level="INFO">${dict} = {'first_name': 'aaa', 'middle_name': 'bbb', 'last_name': 'cccc', 'date_of_birth': '1/2/2000'}</msg>
<var>${dict}</var>
<arg>first_name=${first_name}</arg>
<arg>middle_name=${middle_name}</arg>
<arg>last_name=${last_name}</arg>
<arg>date_of_birth=${date_of_birth}</arg>
<doc>Creates and returns a dictionary based on the given ``items``.</doc>
<status status="PASS" start="2024-08-13T13:38:25.637221" elapsed="0.000000"/>
</kw>
<kw name="POST On Session" owner="RequestsLibrary">
<msg time="2024-08-13T13:38:26.145829" level="INFO">POST Request : url=https://thetestingworldapi.com/api/studentsDetails 
 path_url=/api/studentsDetails 
 headers={'User-Agent': 'python-requests/2.32.3', 'Accept-Encoding': 'gzip, deflate', 'Accept': '*/*', 'Connection': 'keep-alive', 'Content-Type': 'application/json', 'Content-Length': '93'} 
 body=b'{"first_name": "aaa", "middle_name": "bbb", "last_name": "cccc", "date_of_birth": "1/2/2000"}' 
 </msg>
<msg time="2024-08-13T13:38:26.145829" level="INFO">POST Response : url=https://thetestingworldapi.com/api/studentsDetails 
 status=201, reason=Created 
 headers={'Cache-Control': 'no-cache', 'Pragma': 'no-cache', 'Content-Type': 'application/json; charset=utf-8', 'Expires': '-1', 'Location': 'https://thetestingworldapi.com/api/studentsDetails/10305998', 'Server': 'Microsoft-IIS/10.0', 'X-AspNet-Version': '4.0.30319', 'X-Powered-By': 'ASP.NET', 'X-Powered-By-Plesk': 'PleskWin', 'Date': 'Tue, 13 Aug 2024 11:38:06 GMT', 'Content-Length': '100'} 
 body={"id":10305998,"first_name":"aaa","middle_name":"bbb","last_name":"cccc","date_of_birth":"1/2/2000"} 
 </msg>
<msg time="2024-08-13T13:38:26.145829" level="INFO">C:\Users\Vikto\AppData\Local\Programs\Python\Python312\Lib\site-packages\urllib3\connectionpool.py:1099: InsecureRequestWarning: Unverified HTTPS request is being made to host 'thetestingworldapi.com'. Adding certificate verification is strongly advised. See: https://urllib3.readthedocs.io/en/latest/advanced-usage.html#tls-warnings
  warnings.warn(</msg>
<msg time="2024-08-13T13:38:26.147496" level="INFO">${response} = &lt;Response [201]&gt;</msg>
<var>${response}</var>
<arg>current_session</arg>
<arg>/api/studentsDetails</arg>
<arg>json=${dict}</arg>
<arg>headers=&amp;{content_type_json}</arg>
<doc>Sends a POST request on a previously created HTTP Session.</doc>
<status status="PASS" start="2024-08-13T13:38:25.637221" elapsed="0.510275"/>
</kw>
<kw name="Should Be Equal As Integers" owner="BuiltIn">
<msg time="2024-08-13T13:38:26.148500" level="INFO">Argument types are:
&lt;class 'int'&gt;
&lt;class 'str'&gt;</msg>
<arg>${response.status_code}</arg>
<arg>201</arg>
<doc>Fails if objects are unequal after converting them to integers.</doc>
<status status="PASS" start="2024-08-13T13:38:26.147496" elapsed="0.001004"/>
</kw>
<kw name="Convert String To Json" owner="JSONLibrary">
<msg time="2024-08-13T13:38:26.148500" level="INFO">${response_json} = {'id': 10305998, 'first_name': 'aaa', 'middle_name': 'bbb', 'last_name': 'cccc', 'date_of_birth': '1/2/2000'}</msg>
<var>${response_json}</var>
<arg>${response.content}</arg>
<doc>Convert String to JSON object</doc>
<status status="PASS" start="2024-08-13T13:38:26.148500" elapsed="0.001073"/>
</kw>
<kw name="Get Value From Json" owner="JSONLibrary">
<msg time="2024-08-13T13:38:26.157573" level="INFO">${response_first_name} = ['aaa']</msg>
<var>${response_first_name}</var>
<arg>${response_json}</arg>
<arg>$..first_name</arg>
<arg>fail_on_empty=${True}</arg>
<doc>Get Value From JSON using JSONPath</doc>
<status status="PASS" start="2024-08-13T13:38:26.149573" elapsed="0.008000"/>
</kw>
<kw name="Should Be Equal As Strings" owner="BuiltIn">
<arg>${response_first_name[0]}</arg>
<arg>${first_name}</arg>
<doc>Fails if objects are unequal after converting them to strings.</doc>
<status status="PASS" start="2024-08-13T13:38:26.157573" elapsed="0.000597"/>
</kw>
<arg>aaa</arg>
<arg>bbb</arg>
<arg>cccc</arg>
<arg>1/2/2000</arg>
<status status="PASS" start="2024-08-13T13:38:25.636714" elapsed="0.521456"/>
</kw>
<tag>api</tag>
<timeout value="15 seconds"/>
<status status="PASS" start="2024-08-13T13:38:25.636714" elapsed="0.521456"/>
</test>
<test id="s1-s5-t2" name="Upper_Case" line="12">
<kw name="Create New Student">
<kw name="Create Dictionary" owner="BuiltIn">
<msg time="2024-08-13T13:38:26.160197" level="INFO">${dict} = {'first_name': 'AAA', 'middle_name': 'BBB', 'last_name': 'CCC', 'date_of_birth': '1/2/2000'}</msg>
<var>${dict}</var>
<arg>first_name=${first_name}</arg>
<arg>middle_name=${middle_name}</arg>
<arg>last_name=${last_name}</arg>
<arg>date_of_birth=${date_of_birth}</arg>
<doc>Creates and returns a dictionary based on the given ``items``.</doc>
<status status="PASS" start="2024-08-13T13:38:26.160197" elapsed="0.000000"/>
</kw>
<kw name="POST On Session" owner="RequestsLibrary">
<msg time="2024-08-13T13:38:26.328796" level="INFO">POST Request : url=https://thetestingworldapi.com/api/studentsDetails 
 path_url=/api/studentsDetails 
 headers={'User-Agent': 'python-requests/2.32.3', 'Accept-Encoding': 'gzip, deflate', 'Accept': '*/*', 'Connection': 'keep-alive', 'Content-Type': 'application/json', 'Content-Length': '92'} 
 body=b'{"first_name": "AAA", "middle_name": "BBB", "last_name": "CCC", "date_of_birth": "1/2/2000"}' 
 </msg>
<msg time="2024-08-13T13:38:26.328796" level="INFO">POST Response : url=https://thetestingworldapi.com/api/studentsDetails 
 status=201, reason=Created 
 headers={'Cache-Control': 'no-cache', 'Pragma': 'no-cache', 'Content-Type': 'application/json; charset=utf-8', 'Expires': '-1', 'Location': 'https://thetestingworldapi.com/api/studentsDetails/10305999', 'Server': 'Microsoft-IIS/10.0', 'X-AspNet-Version': '4.0.30319', 'X-Powered-By': 'ASP.NET', 'X-Powered-By-Plesk': 'PleskWin', 'Date': 'Tue, 13 Aug 2024 11:38:06 GMT', 'Content-Length': '99'} 
 body={"id":10305999,"first_name":"AAA","middle_name":"BBB","last_name":"CCC","date_of_birth":"1/2/2000"} 
 </msg>
<msg time="2024-08-13T13:38:26.328796" level="INFO">C:\Users\Vikto\AppData\Local\Programs\Python\Python312\Lib\site-packages\urllib3\connectionpool.py:1099: InsecureRequestWarning: Unverified HTTPS request is being made to host 'thetestingworldapi.com'. Adding certificate verification is strongly advised. See: https://urllib3.readthedocs.io/en/latest/advanced-usage.html#tls-warnings
  warnings.warn(</msg>
<msg time="2024-08-13T13:38:26.328796" level="INFO">${response} = &lt;Response [201]&gt;</msg>
<var>${response}</var>
<arg>current_session</arg>
<arg>/api/studentsDetails</arg>
<arg>json=${dict}</arg>
<arg>headers=&amp;{content_type_json}</arg>
<doc>Sends a POST request on a previously created HTTP Session.</doc>
<status status="PASS" start="2024-08-13T13:38:26.160197" elapsed="0.168599"/>
</kw>
<kw name="Should Be Equal As Integers" owner="BuiltIn">
<msg time="2024-08-13T13:38:26.329833" level="INFO">Argument types are:
&lt;class 'int'&gt;
&lt;class 'str'&gt;</msg>
<arg>${response.status_code}</arg>
<arg>201</arg>
<doc>Fails if objects are unequal after converting them to integers.</doc>
<status status="PASS" start="2024-08-13T13:38:26.328796" elapsed="0.001037"/>
</kw>
<kw name="Convert String To Json" owner="JSONLibrary">
<msg time="2024-08-13T13:38:26.330794" level="INFO">${response_json} = {'id': 10305999, 'first_name': 'AAA', 'middle_name': 'BBB', 'last_name': 'CCC', 'date_of_birth': '1/2/2000'}</msg>
<var>${response_json}</var>
<arg>${response.content}</arg>
<doc>Convert String to JSON object</doc>
<status status="PASS" start="2024-08-13T13:38:26.329833" elapsed="0.000961"/>
</kw>
<kw name="Get Value From Json" owner="JSONLibrary">
<msg time="2024-08-13T13:38:26.338500" level="INFO">${response_first_name} = ['AAA']</msg>
<var>${response_first_name}</var>
<arg>${response_json}</arg>
<arg>$..first_name</arg>
<arg>fail_on_empty=${True}</arg>
<doc>Get Value From JSON using JSONPath</doc>
<status status="PASS" start="2024-08-13T13:38:26.330794" elapsed="0.007706"/>
</kw>
<kw name="Should Be Equal As Strings" owner="BuiltIn">
<arg>${response_first_name[0]}</arg>
<arg>${first_name}</arg>
<doc>Fails if objects are unequal after converting them to strings.</doc>
<status status="PASS" start="2024-08-13T13:38:26.339508" elapsed="0.000000"/>
</kw>
<arg>AAA</arg>
<arg>BBB</arg>
<arg>CCC</arg>
<arg>1/2/2000</arg>
<status status="PASS" start="2024-08-13T13:38:26.160197" elapsed="0.179311"/>
</kw>
<tag>api</tag>
<timeout value="15 seconds"/>
<status status="PASS" start="2024-08-13T13:38:26.160197" elapsed="0.180339"/>
</test>
<test id="s1-s5-t3" name="White_Spaces" line="13">
<kw name="Create New Student">
<kw name="Create Dictionary" owner="BuiltIn">
<msg time="2024-08-13T13:38:26.341535" level="INFO">${dict} = {'first_name': 'A A', 'middle_name': 'B B', 'last_name': 'C C', 'date_of_birth': '1/2/2000'}</msg>
<var>${dict}</var>
<arg>first_name=${first_name}</arg>
<arg>middle_name=${middle_name}</arg>
<arg>last_name=${last_name}</arg>
<arg>date_of_birth=${date_of_birth}</arg>
<doc>Creates and returns a dictionary based on the given ``items``.</doc>
<status status="PASS" start="2024-08-13T13:38:26.341535" elapsed="0.000000"/>
</kw>
<kw name="POST On Session" owner="RequestsLibrary">
<msg time="2024-08-13T13:38:26.511546" level="INFO">POST Request : url=https://thetestingworldapi.com/api/studentsDetails 
 path_url=/api/studentsDetails 
 headers={'User-Agent': 'python-requests/2.32.3', 'Accept-Encoding': 'gzip, deflate', 'Accept': '*/*', 'Connection': 'keep-alive', 'Content-Type': 'application/json', 'Content-Length': '92'} 
 body=b'{"first_name": "A A", "middle_name": "B B", "last_name": "C C", "date_of_birth": "1/2/2000"}' 
 </msg>
<msg time="2024-08-13T13:38:26.511546" level="INFO">POST Response : url=https://thetestingworldapi.com/api/studentsDetails 
 status=201, reason=Created 
 headers={'Cache-Control': 'no-cache', 'Pragma': 'no-cache', 'Content-Type': 'application/json; charset=utf-8', 'Expires': '-1', 'Location': 'https://thetestingworldapi.com/api/studentsDetails/10306000', 'Server': 'Microsoft-IIS/10.0', 'X-AspNet-Version': '4.0.30319', 'X-Powered-By': 'ASP.NET', 'X-Powered-By-Plesk': 'PleskWin', 'Date': 'Tue, 13 Aug 2024 11:38:06 GMT', 'Content-Length': '99'} 
 body={"id":10306000,"first_name":"A A","middle_name":"B B","last_name":"C C","date_of_birth":"1/2/2000"} 
 </msg>
<msg time="2024-08-13T13:38:26.512547" level="INFO">C:\Users\Vikto\AppData\Local\Programs\Python\Python312\Lib\site-packages\urllib3\connectionpool.py:1099: InsecureRequestWarning: Unverified HTTPS request is being made to host 'thetestingworldapi.com'. Adding certificate verification is strongly advised. See: https://urllib3.readthedocs.io/en/latest/advanced-usage.html#tls-warnings
  warnings.warn(</msg>
<msg time="2024-08-13T13:38:26.512547" level="INFO">${response} = &lt;Response [201]&gt;</msg>
<var>${response}</var>
<arg>current_session</arg>
<arg>/api/studentsDetails</arg>
<arg>json=${dict}</arg>
<arg>headers=&amp;{content_type_json}</arg>
<doc>Sends a POST request on a previously created HTTP Session.</doc>
<status status="PASS" start="2024-08-13T13:38:26.341535" elapsed="0.171012"/>
</kw>
<kw name="Should Be Equal As Integers" owner="BuiltIn">
<msg time="2024-08-13T13:38:26.513524" level="INFO">Argument types are:
&lt;class 'int'&gt;
&lt;class 'str'&gt;</msg>
<arg>${response.status_code}</arg>
<arg>201</arg>
<doc>Fails if objects are unequal after converting them to integers.</doc>
<status status="PASS" start="2024-08-13T13:38:26.512547" elapsed="0.000977"/>
</kw>
<kw name="Convert String To Json" owner="JSONLibrary">
<msg time="2024-08-13T13:38:26.513524" level="INFO">${response_json} = {'id': 10306000, 'first_name': 'A A', 'middle_name': 'B B', 'last_name': 'C C', 'date_of_birth': '1/2/2000'}</msg>
<var>${response_json}</var>
<arg>${response.content}</arg>
<doc>Convert String to JSON object</doc>
<status status="PASS" start="2024-08-13T13:38:26.513524" elapsed="0.000000"/>
</kw>
<kw name="Get Value From Json" owner="JSONLibrary">
<msg time="2024-08-13T13:38:26.522030" level="INFO">${response_first_name} = ['A A']</msg>
<var>${response_first_name}</var>
<arg>${response_json}</arg>
<arg>$..first_name</arg>
<arg>fail_on_empty=${True}</arg>
<doc>Get Value From JSON using JSONPath</doc>
<status status="PASS" start="2024-08-13T13:38:26.514579" elapsed="0.007451"/>
</kw>
<kw name="Should Be Equal As Strings" owner="BuiltIn">
<arg>${response_first_name[0]}</arg>
<arg>${first_name}</arg>
<doc>Fails if objects are unequal after converting them to strings.</doc>
<status status="PASS" start="2024-08-13T13:38:26.522030" elapsed="0.001345"/>
</kw>
<arg>A A</arg>
<arg>B B</arg>
<arg>C C</arg>
<arg>1/2/2000</arg>
<status status="PASS" start="2024-08-13T13:38:26.341535" elapsed="0.181840"/>
</kw>
<tag>api</tag>
<timeout value="15 seconds"/>
<status status="PASS" start="2024-08-13T13:38:26.341535" elapsed="0.181840"/>
</test>
<test id="s1-s5-t4" name="Numbers" line="14">
<kw name="Create New Student">
<kw name="Create Dictionary" owner="BuiltIn">
<msg time="2024-08-13T13:38:26.524384" level="INFO">${dict} = {'first_name': 'A12', 'middle_name': 'B34', 'last_name': 'C56', 'date_of_birth': '1/2/2000'}</msg>
<var>${dict}</var>
<arg>first_name=${first_name}</arg>
<arg>middle_name=${middle_name}</arg>
<arg>last_name=${last_name}</arg>
<arg>date_of_birth=${date_of_birth}</arg>
<doc>Creates and returns a dictionary based on the given ``items``.</doc>
<status status="PASS" start="2024-08-13T13:38:26.524384" elapsed="0.000000"/>
</kw>
<kw name="POST On Session" owner="RequestsLibrary">
<msg time="2024-08-13T13:38:26.691943" level="INFO">POST Request : url=https://thetestingworldapi.com/api/studentsDetails 
 path_url=/api/studentsDetails 
 headers={'User-Agent': 'python-requests/2.32.3', 'Accept-Encoding': 'gzip, deflate', 'Accept': '*/*', 'Connection': 'keep-alive', 'Content-Type': 'application/json', 'Content-Length': '92'} 
 body=b'{"first_name": "A12", "middle_name": "B34", "last_name": "C56", "date_of_birth": "1/2/2000"}' 
 </msg>
<msg time="2024-08-13T13:38:26.691943" level="INFO">POST Response : url=https://thetestingworldapi.com/api/studentsDetails 
 status=201, reason=Created 
 headers={'Cache-Control': 'no-cache', 'Pragma': 'no-cache', 'Content-Type': 'application/json; charset=utf-8', 'Expires': '-1', 'Location': 'https://thetestingworldapi.com/api/studentsDetails/10306001', 'Server': 'Microsoft-IIS/10.0', 'X-AspNet-Version': '4.0.30319', 'X-Powered-By': 'ASP.NET', 'X-Powered-By-Plesk': 'PleskWin', 'Date': 'Tue, 13 Aug 2024 11:38:06 GMT', 'Content-Length': '99'} 
 body={"id":10306001,"first_name":"A12","middle_name":"B34","last_name":"C56","date_of_birth":"1/2/2000"} 
 </msg>
<msg time="2024-08-13T13:38:26.691943" level="INFO">C:\Users\Vikto\AppData\Local\Programs\Python\Python312\Lib\site-packages\urllib3\connectionpool.py:1099: InsecureRequestWarning: Unverified HTTPS request is being made to host 'thetestingworldapi.com'. Adding certificate verification is strongly advised. See: https://urllib3.readthedocs.io/en/latest/advanced-usage.html#tls-warnings
  warnings.warn(</msg>
<msg time="2024-08-13T13:38:26.692964" level="INFO">${response} = &lt;Response [201]&gt;</msg>
<var>${response}</var>
<arg>current_session</arg>
<arg>/api/studentsDetails</arg>
<arg>json=${dict}</arg>
<arg>headers=&amp;{content_type_json}</arg>
<doc>Sends a POST request on a previously created HTTP Session.</doc>
<status status="PASS" start="2024-08-13T13:38:26.524384" elapsed="0.168580"/>
</kw>
<kw name="Should Be Equal As Integers" owner="BuiltIn">
<msg time="2024-08-13T13:38:26.693966" level="INFO">Argument types are:
&lt;class 'int'&gt;
&lt;class 'str'&gt;</msg>
<arg>${response.status_code}</arg>
<arg>201</arg>
<doc>Fails if objects are unequal after converting them to integers.</doc>
<status status="PASS" start="2024-08-13T13:38:26.692964" elapsed="0.001002"/>
</kw>
<kw name="Convert String To Json" owner="JSONLibrary">
<msg time="2024-08-13T13:38:26.693966" level="INFO">${response_json} = {'id': 10306001, 'first_name': 'A12', 'middle_name': 'B34', 'last_name': 'C56', 'date_of_birth': '1/2/2000'}</msg>
<var>${response_json}</var>
<arg>${response.content}</arg>
<doc>Convert String to JSON object</doc>
<status status="PASS" start="2024-08-13T13:38:26.693966" elapsed="0.000000"/>
</kw>
<kw name="Get Value From Json" owner="JSONLibrary">
<msg time="2024-08-13T13:38:26.702673" level="INFO">${response_first_name} = ['A12']</msg>
<var>${response_first_name}</var>
<arg>${response_json}</arg>
<arg>$..first_name</arg>
<arg>fail_on_empty=${True}</arg>
<doc>Get Value From JSON using JSONPath</doc>
<status status="PASS" start="2024-08-13T13:38:26.694967" elapsed="0.007706"/>
</kw>
<kw name="Should Be Equal As Strings" owner="BuiltIn">
<arg>${response_first_name[0]}</arg>
<arg>${first_name}</arg>
<doc>Fails if objects are unequal after converting them to strings.</doc>
<status status="PASS" start="2024-08-13T13:38:26.702673" elapsed="0.000937"/>
</kw>
<arg>A12</arg>
<arg>B34</arg>
<arg>C56</arg>
<arg>1/2/2000</arg>
<status status="PASS" start="2024-08-13T13:38:26.524384" elapsed="0.179226"/>
</kw>
<tag>api</tag>
<timeout value="15 seconds"/>
<status status="PASS" start="2024-08-13T13:38:26.524384" elapsed="0.179226"/>
</test>
<test id="s1-s5-t5" name="Symbols1" line="15">
<kw name="Create New Student">
<kw name="Create Dictionary" owner="BuiltIn">
<msg time="2024-08-13T13:38:26.704613" level="INFO">${dict} = {'first_name': '~!@', 'middle_name': '+$%', 'last_name': '^&amp;*', 'date_of_birth': None}</msg>
<var>${dict}</var>
<arg>first_name=${first_name}</arg>
<arg>middle_name=${middle_name}</arg>
<arg>last_name=${last_name}</arg>
<arg>date_of_birth=${date_of_birth}</arg>
<doc>Creates and returns a dictionary based on the given ``items``.</doc>
<status status="PASS" start="2024-08-13T13:38:26.704613" elapsed="0.000000"/>
</kw>
<kw name="POST On Session" owner="RequestsLibrary">
<msg time="2024-08-13T13:38:26.873708" level="INFO">POST Request : url=https://thetestingworldapi.com/api/studentsDetails 
 path_url=/api/studentsDetails 
 headers={'User-Agent': 'python-requests/2.32.3', 'Accept-Encoding': 'gzip, deflate', 'Accept': '*/*', 'Connection': 'keep-alive', 'Content-Type': 'application/json', 'Content-Length': '86'} 
 body=b'{"first_name": "~!@", "middle_name": "+$%", "last_name": "^&amp;*", "date_of_birth": null}' 
 </msg>
<msg time="2024-08-13T13:38:26.873708" level="INFO">POST Response : url=https://thetestingworldapi.com/api/studentsDetails 
 status=201, reason=Created 
 headers={'Cache-Control': 'no-cache', 'Pragma': 'no-cache', 'Content-Type': 'application/json; charset=utf-8', 'Expires': '-1', 'Location': 'https://thetestingworldapi.com/api/studentsDetails/10306002', 'Server': 'Microsoft-IIS/10.0', 'X-AspNet-Version': '4.0.30319', 'X-Powered-By': 'ASP.NET', 'X-Powered-By-Plesk': 'PleskWin', 'Date': 'Tue, 13 Aug 2024 11:38:06 GMT', 'Content-Length': '93'} 
 body={"id":10306002,"first_name":"~!@","middle_name":"+$%","last_name":"^&amp;*","date_of_birth":null} 
 </msg>
<msg time="2024-08-13T13:38:26.873708" level="INFO">C:\Users\Vikto\AppData\Local\Programs\Python\Python312\Lib\site-packages\urllib3\connectionpool.py:1099: InsecureRequestWarning: Unverified HTTPS request is being made to host 'thetestingworldapi.com'. Adding certificate verification is strongly advised. See: https://urllib3.readthedocs.io/en/latest/advanced-usage.html#tls-warnings
  warnings.warn(</msg>
<msg time="2024-08-13T13:38:26.873708" level="INFO">${response} = &lt;Response [201]&gt;</msg>
<var>${response}</var>
<arg>current_session</arg>
<arg>/api/studentsDetails</arg>
<arg>json=${dict}</arg>
<arg>headers=&amp;{content_type_json}</arg>
<doc>Sends a POST request on a previously created HTTP Session.</doc>
<status status="PASS" start="2024-08-13T13:38:26.704613" elapsed="0.169095"/>
</kw>
<kw name="Should Be Equal As Integers" owner="BuiltIn">
<msg time="2024-08-13T13:38:26.874739" level="INFO">Argument types are:
&lt;class 'int'&gt;
&lt;class 'str'&gt;</msg>
<arg>${response.status_code}</arg>
<arg>201</arg>
<doc>Fails if objects are unequal after converting them to integers.</doc>
<status status="PASS" start="2024-08-13T13:38:26.873708" elapsed="0.001031"/>
</kw>
<kw name="Convert String To Json" owner="JSONLibrary">
<msg time="2024-08-13T13:38:26.874739" level="INFO">${response_json} = {'id': 10306002, 'first_name': '~!@', 'middle_name': '+$%', 'last_name': '^&amp;*', 'date_of_birth': None}</msg>
<var>${response_json}</var>
<arg>${response.content}</arg>
<doc>Convert String to JSON object</doc>
<status status="PASS" start="2024-08-13T13:38:26.874739" elapsed="0.000000"/>
</kw>
<kw name="Get Value From Json" owner="JSONLibrary">
<msg time="2024-08-13T13:38:26.883415" level="INFO">${response_first_name} = ['~!@']</msg>
<var>${response_first_name}</var>
<arg>${response_json}</arg>
<arg>$..first_name</arg>
<arg>fail_on_empty=${True}</arg>
<doc>Get Value From JSON using JSONPath</doc>
<status status="PASS" start="2024-08-13T13:38:26.874739" elapsed="0.008676"/>
</kw>
<kw name="Should Be Equal As Strings" owner="BuiltIn">
<arg>${response_first_name[0]}</arg>
<arg>${first_name}</arg>
<doc>Fails if objects are unequal after converting them to strings.</doc>
<status status="PASS" start="2024-08-13T13:38:26.883415" elapsed="0.000955"/>
</kw>
<arg>~!@</arg>
<arg>+$%</arg>
<arg>^&amp;*</arg>
<arg>${null}</arg>
<status status="PASS" start="2024-08-13T13:38:26.704613" elapsed="0.179757"/>
</kw>
<tag>api</tag>
<timeout value="15 seconds"/>
<status status="PASS" start="2024-08-13T13:38:26.704613" elapsed="0.179757"/>
</test>
<test id="s1-s5-t6" name="Symbols2" line="16">
<kw name="Create New Student">
<kw name="Create Dictionary" owner="BuiltIn">
<msg time="2024-08-13T13:38:26.885367" level="INFO">${dict} = {'first_name': '.,;', 'middle_name': '=_?', 'last_name': '&lt;&gt;/', 'date_of_birth': ''}</msg>
<var>${dict}</var>
<arg>first_name=${first_name}</arg>
<arg>middle_name=${middle_name}</arg>
<arg>last_name=${last_name}</arg>
<arg>date_of_birth=${date_of_birth}</arg>
<doc>Creates and returns a dictionary based on the given ``items``.</doc>
<status status="PASS" start="2024-08-13T13:38:26.885367" elapsed="0.000000"/>
</kw>
<kw name="POST On Session" owner="RequestsLibrary">
<msg time="2024-08-13T13:38:27.056144" level="INFO">POST Request : url=https://thetestingworldapi.com/api/studentsDetails 
 path_url=/api/studentsDetails 
 headers={'User-Agent': 'python-requests/2.32.3', 'Accept-Encoding': 'gzip, deflate', 'Accept': '*/*', 'Connection': 'keep-alive', 'Content-Type': 'application/json', 'Content-Length': '84'} 
 body=b'{"first_name": ".,;", "middle_name": "=_?", "last_name": "&lt;&gt;/", "date_of_birth": ""}' 
 </msg>
<msg time="2024-08-13T13:38:27.056144" level="INFO">POST Response : url=https://thetestingworldapi.com/api/studentsDetails 
 status=201, reason=Created 
 headers={'Cache-Control': 'no-cache', 'Pragma': 'no-cache', 'Content-Type': 'application/json; charset=utf-8', 'Expires': '-1', 'Location': 'https://thetestingworldapi.com/api/studentsDetails/10306003', 'Server': 'Microsoft-IIS/10.0', 'X-AspNet-Version': '4.0.30319', 'X-Powered-By': 'ASP.NET', 'X-Powered-By-Plesk': 'PleskWin', 'Date': 'Tue, 13 Aug 2024 11:38:06 GMT', 'Content-Length': '91'} 
 body={"id":10306003,"first_name":".,;","middle_name":"=_?","last_name":"&lt;&gt;/","date_of_birth":""} 
 </msg>
<msg time="2024-08-13T13:38:27.056144" level="INFO">C:\Users\Vikto\AppData\Local\Programs\Python\Python312\Lib\site-packages\urllib3\connectionpool.py:1099: InsecureRequestWarning: Unverified HTTPS request is being made to host 'thetestingworldapi.com'. Adding certificate verification is strongly advised. See: https://urllib3.readthedocs.io/en/latest/advanced-usage.html#tls-warnings
  warnings.warn(</msg>
<msg time="2024-08-13T13:38:27.056144" level="INFO">${response} = &lt;Response [201]&gt;</msg>
<var>${response}</var>
<arg>current_session</arg>
<arg>/api/studentsDetails</arg>
<arg>json=${dict}</arg>
<arg>headers=&amp;{content_type_json}</arg>
<doc>Sends a POST request on a previously created HTTP Session.</doc>
<status status="PASS" start="2024-08-13T13:38:26.885367" elapsed="0.170777"/>
</kw>
<kw name="Should Be Equal As Integers" owner="BuiltIn">
<msg time="2024-08-13T13:38:27.057655" level="INFO">Argument types are:
&lt;class 'int'&gt;
&lt;class 'str'&gt;</msg>
<arg>${response.status_code}</arg>
<arg>201</arg>
<doc>Fails if objects are unequal after converting them to integers.</doc>
<status status="PASS" start="2024-08-13T13:38:27.056144" elapsed="0.001511"/>
</kw>
<kw name="Convert String To Json" owner="JSONLibrary">
<msg time="2024-08-13T13:38:27.058698" level="INFO">${response_json} = {'id': 10306003, 'first_name': '.,;', 'middle_name': '=_?', 'last_name': '&lt;&gt;/', 'date_of_birth': ''}</msg>
<var>${response_json}</var>
<arg>${response.content}</arg>
<doc>Convert String to JSON object</doc>
<status status="PASS" start="2024-08-13T13:38:27.057655" elapsed="0.001043"/>
</kw>
<kw name="Get Value From Json" owner="JSONLibrary">
<msg time="2024-08-13T13:38:27.067584" level="INFO">${response_first_name} = ['.,;']</msg>
<var>${response_first_name}</var>
<arg>${response_json}</arg>
<arg>$..first_name</arg>
<arg>fail_on_empty=${True}</arg>
<doc>Get Value From JSON using JSONPath</doc>
<status status="PASS" start="2024-08-13T13:38:27.058698" elapsed="0.008886"/>
</kw>
<kw name="Should Be Equal As Strings" owner="BuiltIn">
<arg>${response_first_name[0]}</arg>
<arg>${first_name}</arg>
<doc>Fails if objects are unequal after converting them to strings.</doc>
<status status="PASS" start="2024-08-13T13:38:27.067584" elapsed="0.001058"/>
</kw>
<arg>.,;</arg>
<arg>=_?</arg>
<arg>&lt;&gt;/</arg>
<arg>${EMPTY}</arg>
<status status="PASS" start="2024-08-13T13:38:26.885367" elapsed="0.183275"/>
</kw>
<tag>api</tag>
<timeout value="15 seconds"/>
<status status="PASS" start="2024-08-13T13:38:26.884370" elapsed="0.184272"/>
</test>
<test id="s1-s5-t7" name="US_date" line="17">
<kw name="Create New Student">
<kw name="Create Dictionary" owner="BuiltIn">
<msg time="2024-08-13T13:38:27.069865" level="INFO">${dict} = {'first_name': 'AAA', 'middle_name': 'BBB', 'last_name': 'CCC', 'date_of_birth': '12/31/1999'}</msg>
<var>${dict}</var>
<arg>first_name=${first_name}</arg>
<arg>middle_name=${middle_name}</arg>
<arg>last_name=${last_name}</arg>
<arg>date_of_birth=${date_of_birth}</arg>
<doc>Creates and returns a dictionary based on the given ``items``.</doc>
<status status="PASS" start="2024-08-13T13:38:27.069865" elapsed="0.000000"/>
</kw>
<kw name="POST On Session" owner="RequestsLibrary">
<msg time="2024-08-13T13:38:27.239268" level="INFO">POST Request : url=https://thetestingworldapi.com/api/studentsDetails 
 path_url=/api/studentsDetails 
 headers={'User-Agent': 'python-requests/2.32.3', 'Accept-Encoding': 'gzip, deflate', 'Accept': '*/*', 'Connection': 'keep-alive', 'Content-Type': 'application/json', 'Content-Length': '94'} 
 body=b'{"first_name": "AAA", "middle_name": "BBB", "last_name": "CCC", "date_of_birth": "12/31/1999"}' 
 </msg>
<msg time="2024-08-13T13:38:27.239268" level="INFO">POST Response : url=https://thetestingworldapi.com/api/studentsDetails 
 status=201, reason=Created 
 headers={'Cache-Control': 'no-cache', 'Pragma': 'no-cache', 'Content-Type': 'application/json; charset=utf-8', 'Expires': '-1', 'Location': 'https://thetestingworldapi.com/api/studentsDetails/10306004', 'Server': 'Microsoft-IIS/10.0', 'X-AspNet-Version': '4.0.30319', 'X-Powered-By': 'ASP.NET', 'X-Powered-By-Plesk': 'PleskWin', 'Date': 'Tue, 13 Aug 2024 11:38:07 GMT', 'Content-Length': '101'} 
 body={"id":10306004,"first_name":"AAA","middle_name":"BBB","last_name":"CCC","date_of_birth":"12/31/1999"} 
 </msg>
<msg time="2024-08-13T13:38:27.239268" level="INFO">C:\Users\Vikto\AppData\Local\Programs\Python\Python312\Lib\site-packages\urllib3\connectionpool.py:1099: InsecureRequestWarning: Unverified HTTPS request is being made to host 'thetestingworldapi.com'. Adding certificate verification is strongly advised. See: https://urllib3.readthedocs.io/en/latest/advanced-usage.html#tls-warnings
  warnings.warn(</msg>
<msg time="2024-08-13T13:38:27.240269" level="INFO">${response} = &lt;Response [201]&gt;</msg>
<var>${response}</var>
<arg>current_session</arg>
<arg>/api/studentsDetails</arg>
<arg>json=${dict}</arg>
<arg>headers=&amp;{content_type_json}</arg>
<doc>Sends a POST request on a previously created HTTP Session.</doc>
<status status="PASS" start="2024-08-13T13:38:27.071007" elapsed="0.169262"/>
</kw>
<kw name="Should Be Equal As Integers" owner="BuiltIn">
<msg time="2024-08-13T13:38:27.241298" level="INFO">Argument types are:
&lt;class 'int'&gt;
&lt;class 'str'&gt;</msg>
<arg>${response.status_code}</arg>
<arg>201</arg>
<doc>Fails if objects are unequal after converting them to integers.</doc>
<status status="PASS" start="2024-08-13T13:38:27.240269" elapsed="0.001029"/>
</kw>
<kw name="Convert String To Json" owner="JSONLibrary">
<msg time="2024-08-13T13:38:27.241298" level="INFO">${response_json} = {'id': 10306004, 'first_name': 'AAA', 'middle_name': 'BBB', 'last_name': 'CCC', 'date_of_birth': '12/31/1999'}</msg>
<var>${response_json}</var>
<arg>${response.content}</arg>
<doc>Convert String to JSON object</doc>
<status status="PASS" start="2024-08-13T13:38:27.241298" elapsed="0.000000"/>
</kw>
<kw name="Get Value From Json" owner="JSONLibrary">
<msg time="2024-08-13T13:38:27.250282" level="INFO">${response_first_name} = ['AAA']</msg>
<var>${response_first_name}</var>
<arg>${response_json}</arg>
<arg>$..first_name</arg>
<arg>fail_on_empty=${True}</arg>
<doc>Get Value From JSON using JSONPath</doc>
<status status="PASS" start="2024-08-13T13:38:27.241298" elapsed="0.008984"/>
</kw>
<kw name="Should Be Equal As Strings" owner="BuiltIn">
<arg>${response_first_name[0]}</arg>
<arg>${first_name}</arg>
<doc>Fails if objects are unequal after converting them to strings.</doc>
<status status="PASS" start="2024-08-13T13:38:27.250282" elapsed="0.000000"/>
</kw>
<arg>AAA</arg>
<arg>BBB</arg>
<arg>CCC</arg>
<arg>12/31/1999</arg>
<status status="PASS" start="2024-08-13T13:38:27.069865" elapsed="0.180417"/>
</kw>
<tag>api</tag>
<timeout value="15 seconds"/>
<status status="PASS" start="2024-08-13T13:38:27.069865" elapsed="0.181515"/>
</test>
<test id="s1-s5-t8" name="EU_date" line="18">
<kw name="Create New Student">
<kw name="Create Dictionary" owner="BuiltIn">
<msg time="2024-08-13T13:38:27.253493" level="INFO">${dict} = {'first_name': 'AAA', 'middle_name': 'BBB', 'last_name': 'CCC', 'date_of_birth': '31.12.1999'}</msg>
<var>${dict}</var>
<arg>first_name=${first_name}</arg>
<arg>middle_name=${middle_name}</arg>
<arg>last_name=${last_name}</arg>
<arg>date_of_birth=${date_of_birth}</arg>
<doc>Creates and returns a dictionary based on the given ``items``.</doc>
<status status="PASS" start="2024-08-13T13:38:27.252382" elapsed="0.001111"/>
</kw>
<kw name="POST On Session" owner="RequestsLibrary">
<msg time="2024-08-13T13:38:27.420029" level="INFO">POST Request : url=https://thetestingworldapi.com/api/studentsDetails 
 path_url=/api/studentsDetails 
 headers={'User-Agent': 'python-requests/2.32.3', 'Accept-Encoding': 'gzip, deflate', 'Accept': '*/*', 'Connection': 'keep-alive', 'Content-Type': 'application/json', 'Content-Length': '94'} 
 body=b'{"first_name": "AAA", "middle_name": "BBB", "last_name": "CCC", "date_of_birth": "31.12.1999"}' 
 </msg>
<msg time="2024-08-13T13:38:27.420029" level="INFO">POST Response : url=https://thetestingworldapi.com/api/studentsDetails 
 status=201, reason=Created 
 headers={'Cache-Control': 'no-cache', 'Pragma': 'no-cache', 'Content-Type': 'application/json; charset=utf-8', 'Expires': '-1', 'Location': 'https://thetestingworldapi.com/api/studentsDetails/10306005', 'Server': 'Microsoft-IIS/10.0', 'X-AspNet-Version': '4.0.30319', 'X-Powered-By': 'ASP.NET', 'X-Powered-By-Plesk': 'PleskWin', 'Date': 'Tue, 13 Aug 2024 11:38:07 GMT', 'Content-Length': '101'} 
 body={"id":10306005,"first_name":"AAA","middle_name":"BBB","last_name":"CCC","date_of_birth":"31.12.1999"} 
 </msg>
<msg time="2024-08-13T13:38:27.420029" level="INFO">C:\Users\Vikto\AppData\Local\Programs\Python\Python312\Lib\site-packages\urllib3\connectionpool.py:1099: InsecureRequestWarning: Unverified HTTPS request is being made to host 'thetestingworldapi.com'. Adding certificate verification is strongly advised. See: https://urllib3.readthedocs.io/en/latest/advanced-usage.html#tls-warnings
  warnings.warn(</msg>
<msg time="2024-08-13T13:38:27.421041" level="INFO">${response} = &lt;Response [201]&gt;</msg>
<var>${response}</var>
<arg>current_session</arg>
<arg>/api/studentsDetails</arg>
<arg>json=${dict}</arg>
<arg>headers=&amp;{content_type_json}</arg>
<doc>Sends a POST request on a previously created HTTP Session.</doc>
<status status="PASS" start="2024-08-13T13:38:27.253493" elapsed="0.167548"/>
</kw>
<kw name="Should Be Equal As Integers" owner="BuiltIn">
<msg time="2024-08-13T13:38:27.421041" level="INFO">Argument types are:
&lt;class 'int'&gt;
&lt;class 'str'&gt;</msg>
<arg>${response.status_code}</arg>
<arg>201</arg>
<doc>Fails if objects are unequal after converting them to integers.</doc>
<status status="PASS" start="2024-08-13T13:38:27.421041" elapsed="0.000000"/>
</kw>
<kw name="Convert String To Json" owner="JSONLibrary">
<msg time="2024-08-13T13:38:27.422350" level="INFO">${response_json} = {'id': 10306005, 'first_name': 'AAA', 'middle_name': 'BBB', 'last_name': 'CCC', 'date_of_birth': '31.12.1999'}</msg>
<var>${response_json}</var>
<arg>${response.content}</arg>
<doc>Convert String to JSON object</doc>
<status status="PASS" start="2024-08-13T13:38:27.421041" elapsed="0.001309"/>
</kw>
<kw name="Get Value From Json" owner="JSONLibrary">
<msg time="2024-08-13T13:38:27.431946" level="INFO">${response_first_name} = ['AAA']</msg>
<var>${response_first_name}</var>
<arg>${response_json}</arg>
<arg>$..first_name</arg>
<arg>fail_on_empty=${True}</arg>
<doc>Get Value From JSON using JSONPath</doc>
<status status="PASS" start="2024-08-13T13:38:27.422350" elapsed="0.009596"/>
</kw>
<kw name="Should Be Equal As Strings" owner="BuiltIn">
<arg>${response_first_name[0]}</arg>
<arg>${first_name}</arg>
<doc>Fails if objects are unequal after converting them to strings.</doc>
<status status="PASS" start="2024-08-13T13:38:27.431946" elapsed="0.000000"/>
</kw>
<arg>AAA</arg>
<arg>BBB</arg>
<arg>CCC</arg>
<arg>31.12.1999</arg>
<status status="PASS" start="2024-08-13T13:38:27.252382" elapsed="0.179564"/>
</kw>
<tag>api</tag>
<timeout value="15 seconds"/>
<status status="PASS" start="2024-08-13T13:38:27.252382" elapsed="0.180753"/>
</test>
<test id="s1-s5-t9" name="Invalid_date" line="19">
<kw name="Create New Student">
<kw name="Create Dictionary" owner="BuiltIn">
<msg time="2024-08-13T13:38:27.434193" level="INFO">${dict} = {'first_name': 'AAA', 'middle_name': 'BBB', 'last_name': 'CCC', 'date_of_birth': 'invalid_date'}</msg>
<var>${dict}</var>
<arg>first_name=${first_name}</arg>
<arg>middle_name=${middle_name}</arg>
<arg>last_name=${last_name}</arg>
<arg>date_of_birth=${date_of_birth}</arg>
<doc>Creates and returns a dictionary based on the given ``items``.</doc>
<status status="PASS" start="2024-08-13T13:38:27.434193" elapsed="0.000000"/>
</kw>
<kw name="POST On Session" owner="RequestsLibrary">
<msg time="2024-08-13T13:38:27.613427" level="INFO">POST Request : url=https://thetestingworldapi.com/api/studentsDetails 
 path_url=/api/studentsDetails 
 headers={'User-Agent': 'python-requests/2.32.3', 'Accept-Encoding': 'gzip, deflate', 'Accept': '*/*', 'Connection': 'keep-alive', 'Content-Type': 'application/json', 'Content-Length': '96'} 
 body=b'{"first_name": "AAA", "middle_name": "BBB", "last_name": "CCC", "date_of_birth": "invalid_date"}' 
 </msg>
<msg time="2024-08-13T13:38:27.613427" level="INFO">POST Response : url=https://thetestingworldapi.com/api/studentsDetails 
 status=201, reason=Created 
 headers={'Cache-Control': 'no-cache', 'Pragma': 'no-cache', 'Content-Type': 'application/json; charset=utf-8', 'Expires': '-1', 'Location': 'https://thetestingworldapi.com/api/studentsDetails/10306006', 'Server': 'Microsoft-IIS/10.0', 'X-AspNet-Version': '4.0.30319', 'X-Powered-By': 'ASP.NET', 'X-Powered-By-Plesk': 'PleskWin', 'Date': 'Tue, 13 Aug 2024 11:38:07 GMT', 'Content-Length': '103'} 
 body={"id":10306006,"first_name":"AAA","middle_name":"BBB","last_name":"CCC","date_of_birth":"invalid_date"} 
 </msg>
<msg time="2024-08-13T13:38:27.614428" level="INFO">C:\Users\Vikto\AppData\Local\Programs\Python\Python312\Lib\site-packages\urllib3\connectionpool.py:1099: InsecureRequestWarning: Unverified HTTPS request is being made to host 'thetestingworldapi.com'. Adding certificate verification is strongly advised. See: https://urllib3.readthedocs.io/en/latest/advanced-usage.html#tls-warnings
  warnings.warn(</msg>
<msg time="2024-08-13T13:38:27.614428" level="INFO">${response} = &lt;Response [201]&gt;</msg>
<var>${response}</var>
<arg>current_session</arg>
<arg>/api/studentsDetails</arg>
<arg>json=${dict}</arg>
<arg>headers=&amp;{content_type_json}</arg>
<doc>Sends a POST request on a previously created HTTP Session.</doc>
<status status="PASS" start="2024-08-13T13:38:27.434193" elapsed="0.180235"/>
</kw>
<kw name="Should Be Equal As Integers" owner="BuiltIn">
<msg time="2024-08-13T13:38:27.615641" level="INFO">Argument types are:
&lt;class 'int'&gt;
&lt;class 'str'&gt;</msg>
<arg>${response.status_code}</arg>
<arg>201</arg>
<doc>Fails if objects are unequal after converting them to integers.</doc>
<status status="PASS" start="2024-08-13T13:38:27.614428" elapsed="0.001213"/>
</kw>
<kw name="Convert String To Json" owner="JSONLibrary">
<msg time="2024-08-13T13:38:27.616653" level="INFO">${response_json} = {'id': 10306006, 'first_name': 'AAA', 'middle_name': 'BBB', 'last_name': 'CCC', 'date_of_birth': 'invalid_date'}</msg>
<var>${response_json}</var>
<arg>${response.content}</arg>
<doc>Convert String to JSON object</doc>
<status status="PASS" start="2024-08-13T13:38:27.615641" elapsed="0.001012"/>
</kw>
<kw name="Get Value From Json" owner="JSONLibrary">
<msg time="2024-08-13T13:38:27.624247" level="INFO">${response_first_name} = ['AAA']</msg>
<var>${response_first_name}</var>
<arg>${response_json}</arg>
<arg>$..first_name</arg>
<arg>fail_on_empty=${True}</arg>
<doc>Get Value From JSON using JSONPath</doc>
<status status="PASS" start="2024-08-13T13:38:27.616653" elapsed="0.007594"/>
</kw>
<kw name="Should Be Equal As Strings" owner="BuiltIn">
<arg>${response_first_name[0]}</arg>
<arg>${first_name}</arg>
<doc>Fails if objects are unequal after converting them to strings.</doc>
<status status="PASS" start="2024-08-13T13:38:27.624247" elapsed="0.001000"/>
</kw>
<arg>AAA</arg>
<arg>BBB</arg>
<arg>CCC</arg>
<arg>invalid_date</arg>
<status status="PASS" start="2024-08-13T13:38:27.434193" elapsed="0.191054"/>
</kw>
<tag>api</tag>
<timeout value="15 seconds"/>
<status status="PASS" start="2024-08-13T13:38:27.433135" elapsed="0.192112"/>
</test>
<kw name="test teardown" owner="common" type="TEARDOWN">
<kw name="Delete All Sessions" owner="RequestsLibrary">
<msg time="2024-08-13T13:38:27.626247" level="INFO">Deleting All Sessions</msg>
<doc>Removes all the session objects</doc>
<status status="PASS" start="2024-08-13T13:38:27.626247" elapsed="0.000000"/>
</kw>
<status status="PASS" start="2024-08-13T13:38:27.626247" elapsed="0.000000"/>
</kw>
<doc>Create a new student with the provided parameters</doc>
<status status="PASS" start="2024-08-13T13:38:25.631942" elapsed="1.994305"/>
</suite>
<suite id="s1-s6" name="TC 006 Post With Files As Template Argument" source="C:\Users\Vikto\source\repos\Robot Framework API Testing 2024\tests\TC_006_Post_With_Files_As_Template_Argument.robot">
<kw name="test setup" owner="common" type="SETUP">
<kw name="Create Session" owner="RequestsLibrary">
<msg time="2024-08-13T13:38:27.633145" level="INFO">Creating Session using : alias=current_session, url=https://thetestingworldapi.com/, headers={},                     cookies={}, auth=None, timeout=None, proxies=None, verify=False,                     debug=0 </msg>
<arg>current_session</arg>
<arg>${base_url}</arg>
<doc>Create Session: create a HTTP session to a server</doc>
<status status="PASS" start="2024-08-13T13:38:27.633145" elapsed="0.000000"/>
</kw>
<status status="PASS" start="2024-08-13T13:38:27.632146" elapsed="0.000999"/>
</kw>
<test id="s1-s6-t1" name="Lower_case" line="11">
<kw name="Create New Student">
<kw name="Load Json From File" owner="JSONLibrary">
<msg time="2024-08-13T13:38:27.634291" level="INFO">${json_sent} = {'first_name': 'FirstName', 'middle_name': 'MiddleName', 'last_name': 'LastName', 'date_of_birth': '12/11/2004'}</msg>
<var>${json_sent}</var>
<arg>C:\\Users\\Vikto\\source\\repos\\Robot Framework API Testing 2024\\tests/../resources/${data_file}</arg>
<doc>Load JSON from file.</doc>
<status status="PASS" start="2024-08-13T13:38:27.633145" elapsed="0.001146"/>
</kw>
<kw name="POST On Session" owner="RequestsLibrary">
<msg time="2024-08-13T13:38:28.331110" level="INFO">POST Request : url=https://thetestingworldapi.com/api/studentsDetails 
 path_url=/api/studentsDetails 
 headers={'User-Agent': 'python-requests/2.32.3', 'Accept-Encoding': 'gzip, deflate', 'Accept': '*/*', 'Connection': 'keep-alive', 'Content-Type': 'application/json', 'Content-Length': '112'} 
 body=b'{"first_name": "FirstName", "middle_name": "MiddleName", "last_name": "LastName", "date_of_birth": "12/11/2004"}' 
 </msg>
[...]
  warnings.warn(</msg>
<msg time="2024-08-13T13:38:30.279800" level="INFO">${login_response} = &lt;Response [200]&gt;</msg>
<var>${login_response}</var>
<arg>reqres</arg>
<arg>/api/login</arg>
<arg>json=${login_json}</arg>
<arg>headers=&amp;{content_type_json}</arg>
<doc>Sends a POST request on a previously created HTTP Session.</doc>
<status status="PASS" start="2024-08-13T13:38:30.142911" elapsed="0.136889"/>
</kw>
<kw name="Set Variable" owner="BuiltIn">
<msg time="2024-08-13T13:38:30.279800" level="INFO">${token} = None</msg>
<var>${token}</var>
<arg>${null}</arg>
<doc>Returns the given values which can then be assigned to a variables.</doc>
<status status="PASS" start="2024-08-13T13:38:30.279800" elapsed="0.000000"/>
</kw>
<kw name="Convert String To Json" owner="JSONLibrary">
<msg time="2024-08-13T13:38:30.281101" level="INFO">${response_json} = {'token': 'QpwL5tke4Pnpja7X4'}</msg>
<var>${response_json}</var>
<arg>${login_response.content}</arg>
<doc>Convert String to JSON object</doc>
<status status="PASS" start="2024-08-13T13:38:30.279800" elapsed="0.001301"/>
</kw>
<kw name="Get Value From Json" owner="JSONLibrary">
<msg time="2024-08-13T13:38:30.288827" level="INFO">@{tokens} = [ QpwL5tke4Pnpja7X4 ]</msg>
<var>@{tokens}</var>
<arg>${response_json}</arg>
<arg>$..token</arg>
<doc>Get Value From JSON using JSONPath</doc>
<status status="PASS" start="2024-08-13T13:38:30.281101" elapsed="0.007726"/>
</kw>
<kw name="Set Variable" owner="BuiltIn">
<msg time="2024-08-13T13:38:30.288827" level="INFO">${token} = QpwL5tke4Pnpja7X4</msg>
<var>${token}</var>
<arg>${tokens[0]}</arg>
<doc>Returns the given values which can then be assigned to a variables.</doc>
<status status="PASS" start="2024-08-13T13:38:30.288827" elapsed="0.001018"/>
</kw>
<return>
<value>${token}</value>
<status status="PASS" start="2024-08-13T13:38:30.289845" elapsed="0.000000"/>
</return>
<msg time="2024-08-13T13:38:30.289845" level="INFO">${token} = QpwL5tke4Pnpja7X4</msg>
<var>${token}</var>
<status status="PASS" start="2024-08-13T13:38:30.141784" elapsed="0.148061"/>
</kw>
<kw name="Log To Console" owner="BuiltIn">
<arg>TOKEN:\n${token}</arg>
<doc>Logs the given message to the console.</doc>
<status status="PASS" start="2024-08-13T13:38:30.289845" elapsed="0.000976"/>
</kw>
<status status="PASS" start="2024-08-13T13:38:30.141784" elapsed="0.149037"/>
</test>
<test id="s1-s8-t2" name="View Github Repo With Valid Token Authentication" line="18">
<kw name="Create Session" owner="RequestsLibrary">
<msg time="2024-08-13T13:38:30.291821" level="INFO">Creating Session using : alias=github, url=https://api.github.com/, headers={},                     cookies={}, auth=None, timeout=None, proxies=None, verify=False,                     debug=0 </msg>
<arg>github</arg>
<arg>${guthub_url}</arg>
<doc>Create Session: create a HTTP session to a server</doc>
<status status="PASS" start="2024-08-13T13:38:30.291821" elapsed="0.000000"/>
</kw>
<kw name="Create Dictionary" owner="BuiltIn">
<msg time="2024-08-13T13:38:30.292822" level="INFO">&amp;{header} = { Content-Type=application/json | Authorization=Bearer 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 }</msg>
<var>&amp;{header}</var>
<arg>Content-Type=application/json</arg>
<arg>Authorization=Bearer ${github_token}</arg>
<doc>Creates and returns a dictionary based on the given ``items``.</doc>
<status status="PASS" start="2024-08-13T13:38:30.291821" elapsed="0.001001"/>
</kw>
<kw name="GET On Session" owner="RequestsLibrary">
<msg time="2024-08-13T13:38:30.571119" level="INFO">GET Request : url=https://api.github.com/repos/HamiTheTank/test_framework 
 path_url=/repos/HamiTheTank/test_framework 
 headers={'User-Agent': 'python-requests/2.32.3', 'Accept-Encoding': 'gzip, deflate', 'Accept': '*/*', 'Connection': 'keep-alive', 'Content-Type': 'application/json', 'Authorization': 'Bearer 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'} 
 body=None 
 </msg>
<msg time="2024-08-13T13:38:30.571119" level="INFO">GET Response : url=https://api.github.com/repos/HamiTheTank/test_framework 
 status=200, reason=OK 
 headers={'Date': 'Tue, 13 Aug 2024 11:38:32 GMT', 'Content-Type': 'application/json; charset=utf-8', 'Cache-Control': 'private, max-age=60, s-maxage=60', 'Vary': 'Accept, Authorization, Cookie, X-GitHub-OTP,Accept-Encoding, Accept, X-Requested-With', 'ETag': 'W/"e2de84f550a127b8e1f08671ada22ca07bcac8f8f6b577b3f80d05a4bbea30a9"', 'Last-Modified': 'Tue, 23 Mar 2021 11:47:15 GMT', 'X-OAuth-Scopes': 'repo', 'X-Accepted-OAuth-Scopes': 'repo', 'github-authentication-token-expiration': '2024-09-11 11:57:53 UTC', 'X-GitHub-Media-Type': 'github.v3; format=json', 'x-github-api-version-selected': '2022-11-28', 'X-RateLimit-Limit': '5000', 'X-RateLimit-Remaining': '4998', 'X-RateLimit-Reset': '1723552576', 'X-RateLimit-Used': '2', 'X-RateLimit-Resource': 'core', 'Access-Control-Expose-Headers': 'ETag, Link, Location, Retry-After, X-GitHub-OTP, X-RateLimit-Limit, X-RateLimit-Remaining, X-RateLimit-Used, X-RateLimit-Resource, X-RateLimit-Reset, X-OAuth-Scopes, X-Accepted-OAuth-Scopes, X-Poll-Interval, X-GitHub-Media-Type, X-GitHub-SSO, X-GitHub-Request-Id, Deprecation, Sunset', 'Access-Control-Allow-Origin': '*', 'Strict-Transport-Security': 'max-age=31536000; includeSubdomains; preload', 'X-Frame-Options': 'deny', 'X-Content-Type-Options': 'nosniff', 'X-XSS-Protection': '0', 'Referrer-Policy': 'origin-when-cross-origin, strict-origin-when-cross-origin', 'Content-Security-Policy': "default-src 'none'", 'Content-Encoding': 'gzip', 'Transfer-Encoding': 'chunked', 'Server': 'github.com', 'X-GitHub-Request-Id': 'C6C1:325814:20E5475:2148B5C:66BB45B8'} 
 body={"id":337338792,"node_id":"MDEwOlJlcG9zaXRvcnkzMzczMzg3OTI=","name":"test_framework","full_name":"HamiTheTank/test_framework","private":true,"owner":{"login":"HamiTheTank","id":45032569,"node_id":"MDQ6VXNlcjQ1MDMyNTY5","avatar_url":"https://avatars.githubusercontent.com/u/45032569?v=4","gravatar_id":"","url":"https://api.github.com/users/HamiTheTank","html_url":"https://github.com/HamiTheTank","followers_url":"https://api.github.com/users/HamiTheTank/followers","following_url":"https://api.github.com/users/HamiTheTank/following{/other_user}","gists_url":"https://api.github.com/users/HamiTheTank/gists{/gist_id}","starred_url":"https://api.github.com/users/HamiTheTank/starred{/owner}{/repo}","subscriptions_url":"https://api.github.com/users/HamiTheTank/subscriptions","organizations_url":"https://api.github.com/users/HamiTheTank/orgs","repos_url":"https://api.github.com/users/HamiTheTank/repos","events_url":"https://api.github.com/users/HamiTheTank/events{/privacy}","received_events_url":"https://api.github.com/users/HamiTheTank/received_events","type":"User","site_admin":false},"html_url":"https://github.com/HamiTheTank/test_framework","description":"Java + Selenium + TestNG framework for test automation","fork":false,"url":"https://api.github.com/repos/HamiTheTank/test_framework","forks_url":"https://api.github.com/repos/HamiTheTank/test_framework/forks","keys_url":"https://api.github.com/repos/HamiTheTank/test_framework/keys{/key_id}","collaborators_url":"https://api.github.com/repos/HamiTheTank/test_framework/collaborators{/collaborator}","teams_url":"https://api.github.com/repos/HamiTheTank/test_framework/teams","hooks_url":"https://api.github.com/repos/HamiTheTank/test_framework/hooks","issue_events_url":"https://api.github.com/repos/HamiTheTank/test_framework/issues/events{/number}","events_url":"https://api.github.com/repos/HamiTheTank/test_framework/events","assignees_url":"https://api.github.com/repos/HamiTheTank/test_framework/assignees{/user}","branches_url":"https://api.github.com/repos/HamiTheTank/test_framework/branches{/branch}","tags_url":"https://api.github.com/repos/HamiTheTank/test_framework/tags","blobs_url":"https://api.github.com/repos/HamiTheTank/test_framework/git/blobs{/sha}","git_tags_url":"https://api.github.com/repos/HamiTheTank/test_framework/git/tags{/sha}","git_refs_url":"https://api.github.com/repos/HamiTheTank/test_framework/git/refs{/sha}","trees_url":"https://api.github.com/repos/HamiTheTank/test_framework/git/trees{/sha}","statuses_url":"https://api.github.com/repos/HamiTheTank/test_framework/statuses/{sha}","languages_url":"https://api.github.com/repos/HamiTheTank/test_framework/languages","stargazers_url":"https://api.github.com/repos/HamiTheTank/test_framework/stargazers","contributors_url":"https://api.github.com/repos/HamiTheTank/test_framework/contributors","subscribers_url":"https://api.github.com/repos/HamiTheTank/test_framework/subscribers","subscription_url":"https://api.github.com/repos/HamiTheTank/test_framework/subscription","commits_url":"https://api.github.com/repos/HamiTheTank/test_framework/commits{/sha}","git_commits_url":"https://api.github.com/repos/HamiTheTank/test_framework/git/commits{/sha}","comments_url":"https://api.github.com/repos/HamiTheTank/test_framework/comments{/number}","issue_comment_url":"https://api.github.com/repos/HamiTheTank/test_framework/issues/comments{/number}","contents_url":"https://api.github.com/repos/HamiTheTank/test_framework/contents/{+path}","compare_url":"https://api.github.com/repos/HamiTheTank/test_framework/compare/{base}...{head}","merges_url":"https://api.github.com/repos/HamiTheTank/test_framework/merges","archive_url":"https://api.github.com/repos/HamiTheTank/test_framework/{archive_format}{/ref}","downloads_url":"https://api.github.com/repos/HamiTheTank/test_framework/downloads","issues_url":"https://api.github.com/repos/HamiTheTank/test_framework/issues{/number}","pulls_url":"https://api.github.com/repos/HamiTheTank/test_framework/pulls{/number}","milestones_url":"https://api.github.com/repos/HamiTheTank/test_framework/milestones{/number}","notifications_url":"https://api.github.com/repos/HamiTheTank/test_framework/notifications{?since,all,participating}","labels_url":"https://api.github.com/repos/HamiTheTank/test_framework/labels{/name}","releases_url":"https://api.github.com/repos/HamiTheTank/test_framework/releases{/id}","deployments_url":"https://api.github.com/repos/HamiTheTank/test_framework/deployments","created_at":"2021-02-09T08:28:54Z","updated_at":"2021-03-23T11:47:15Z","pushed_at":"2021-03-23T11:47:13Z","git_url":"git://github.com/HamiTheTank/test_framework.git","ssh_url":"git@github.com:HamiTheTank/test_framework.git","clone_url":"https://github.com/HamiTheTank/test_framework.git","svn_url":"https://github.com/HamiTheTank/test_framework","homepage":null,"size":19,"stargazers_count":0,"watchers_count":0,"language":"Java","has_issues":true,"has_projects":true,"has_downloads":true,"has_wiki":false,"has_pages":false,"has_discussions":false,"forks_count":0,"mirror_url":null,"archived":false,"disabled":false,"open_issues_count":0,"license":null,"allow_forking":true,"is_template":false,"web_commit_signoff_required":false,"topics":[],"visibility":"private","forks":0,"open_issues":0,"watchers":0,"default_branch":"main","permissions":{"admin":true,"maintain":true,"push":true,"triage":true,"pull":true},"temp_clone_token":"AKXSI6ITHZQNKM3DJOUJ2P3GXNDOI","allow_squash_merge":true,"allow_merge_commit":true,"allow_rebase_merge":true,"allow_auto_merge":false,"delete_branch_on_merge":false,"allow_update_branch":false,"use_squash_pr_title_as_default":false,"squash_merge_commit_message":"COMMIT_MESSAGES","squash_merge_commit_title":"COMMIT_OR_PR_TITLE","merge_commit_message":"PR_TITLE","merge_commit_title":"MERGE_MESSAGE","network_count":0,"subscribers_count":1} 
 </msg>
<msg time="2024-08-13T13:38:30.571119" level="INFO">C:\Users\Vikto\AppData\Local\Programs\Python\Python312\Lib\site-packages\urllib3\connectionpool.py:1099: InsecureRequestWarning: Unverified HTTPS request is being made to host 'api.github.com'. Adding certificate verification is strongly advised. See: https://urllib3.readthedocs.io/en/latest/advanced-usage.html#tls-warnings
  warnings.warn(</msg>
<msg time="2024-08-13T13:38:30.572525" level="INFO">${valid_get_request} = &lt;Response [200]&gt;</msg>
<var>${valid_get_request}</var>
<arg>github</arg>
<arg>/repos/HamiTheTank/test_framework</arg>
<arg>headers=&amp;{header}</arg>
<doc>Sends a GET request on a previously created HTTP Session.</doc>
<status status="PASS" start="2024-08-13T13:38:30.292822" elapsed="0.279703"/>
</kw>
<kw name="Log To Console" owner="BuiltIn">
<arg>${valid_get_request.content}</arg>
<doc>Logs the given message to the console.</doc>
<status status="PASS" start="2024-08-13T13:38:30.572867" elapsed="0.002087"/>
</kw>
<kw name="Should Be Equal As Integers" owner="BuiltIn">
<msg time="2024-08-13T13:38:30.574954" level="INFO">Argument types are:
&lt;class 'int'&gt;
&lt;class 'str'&gt;</msg>
<arg>${valid_get_request.status_code}</arg>
<arg>200</arg>
<doc>Fails if objects are unequal after converting them to integers.</doc>
<status status="PASS" start="2024-08-13T13:38:30.574954" elapsed="0.000000"/>
</kw>
<status status="PASS" start="2024-08-13T13:38:30.291821" elapsed="0.284132"/>
</test>
<test id="s1-s8-t3" name="View Github Repo With Inalid Token Authentication" line="25">
<kw name="Create Session" owner="RequestsLibrary">
<msg time="2024-08-13T13:38:30.575953" level="INFO">Creating Session using : alias=github, url=https://api.github.com/, headers={},                     cookies={}, auth=None, timeout=None, proxies=None, verify=False,                     debug=0 </msg>
<arg>github</arg>
<arg>${guthub_url}</arg>
<doc>Create Session: create a HTTP session to a server</doc>
<status status="PASS" start="2024-08-13T13:38:30.575953" elapsed="0.000000"/>
</kw>
<kw name="Create Dictionary" owner="BuiltIn">
<msg time="2024-08-13T13:38:30.575953" level="INFO">${header} = {'Content-Type': 'application/json', 'Authorization': 'Bearer XXX_dXjUxdFNgd6S6mTsZSpertemFTB37Q0s1ZZZ'}</msg>
<var>${header}</var>
<arg>Content-Type=application/json</arg>
<arg>Authorization=Bearer ${github_invalid_token}</arg>
<doc>Creates and returns a dictionary based on the given ``items``.</doc>
<status status="PASS" start="2024-08-13T13:38:30.575953" elapsed="0.000000"/>
</kw>
<try>
<branch type="TRY">
<kw name="Run Keyword And Expect Error" owner="BuiltIn">
<kw name="GET On Session" owner="RequestsLibrary">
<msg time="2024-08-13T13:38:30.803618" level="INFO">GET Request : url=https://api.github.com/repos/HamiTheTank/test_framework 
 path_url=/repos/HamiTheTank/test_framework 
 headers={'User-Agent': 'python-requests/2.32.3', 'Accept-Encoding': 'gzip, deflate', 'Accept': '*/*', 'Connection': 'keep-alive', 'Content-Type': 'application/json', 'Authorization': 'Bearer XXX_dXjUxdFNgd6S6mTsZSpertemFTB37Q0s1ZZZ'} 
 body=None 
 </msg>
<msg time="2024-08-13T13:38:30.803618" level="INFO">GET Response : url=https://api.github.com/repos/HamiTheTank/test_framework 
 status=401, reason=Unauthorized 
 headers={'Date': 'Tue, 13 Aug 2024 11:38:32 GMT', 'Content-Type': 'application/json; charset=utf-8', 'Content-Length': '95', 'X-GitHub-Media-Type': 'github.v3; format=json', 'X-RateLimit-Limit': '60', 'X-RateLimit-Remaining': '58', 'X-RateLimit-Reset': '1723552577', 'X-RateLimit-Used': '2', 'X-RateLimit-Resource': 'core', 'Access-Control-Expose-Headers': 'ETag, Link, Location, Retry-After, X-GitHub-OTP, X-RateLimit-Limit, X-RateLimit-Remaining, X-RateLimit-Used, X-RateLimit-Resource, X-RateLimit-Reset, X-OAuth-Scopes, X-Accepted-OAuth-Scopes, X-Poll-Interval, X-GitHub-Media-Type, X-GitHub-SSO, X-GitHub-Request-Id, Deprecation, Sunset', 'Access-Control-Allow-Origin': '*', 'Strict-Transport-Security': 'max-age=31536000; includeSubdomains; preload', 'X-Frame-Options': 'deny', 'X-Content-Type-Options': 'nosniff', 'X-XSS-Protection': '0', 'Referrer-Policy': 'origin-when-cross-origin, strict-origin-when-cross-origin', 'Content-Security-Policy': "default-src 'none'", 'Vary': 'Accept-Encoding, Accept, X-Requested-With', 'Server': 'github.com', 'X-GitHub-Request-Id': 'C6C2:325814:20E5588:2148C90:66BB45B8'} 
 body={"message":"Bad credentials","documentation_url":"https://docs.github.com/rest","status":"401"} 
 </msg>
<msg time="2024-08-13T13:38:30.803618" level="INFO">C:\Users\Vikto\AppData\Local\Programs\Python\Python312\Lib\site-packages\urllib3\connectionpool.py:1099: InsecureRequestWarning: Unverified HTTPS request is being made to host 'api.github.com'. Adding certificate verification is strongly advised. See: https://urllib3.readthedocs.io/en/latest/advanced-usage.html#tls-warnings
  warnings.warn(</msg>
<msg time="2024-08-13T13:38:30.804671" level="FAIL">HTTPError: 401 Client Error: Unauthorized for url: https://api.github.com/repos/HamiTheTank/test_framework</msg>
<arg>github</arg>
<arg>/repos/HamiTheTank/test_framework</arg>
<arg>headers=&amp;{header}</arg>
<doc>Sends a GET request on a previously created HTTP Session.</doc>
<status status="FAIL" start="2024-08-13T13:38:30.575953" elapsed="0.229703">HTTPError: 401 Client Error: Unauthorized for url: https://api.github.com/repos/HamiTheTank/test_framework</status>
</kw>
<msg time="2024-08-13T13:38:30.805656" level="INFO">${error_msg} = HTTPError: 401 Client Error: Unauthorized for url: https://api.github.com/repos/HamiTheTank/test_framework</msg>
<var>${error_msg}</var>
<arg>STARTS: HTTPError</arg>
<arg>GET On Session</arg>
<arg>github</arg>
<arg>/repos/HamiTheTank/test_framework</arg>
<arg>headers=&amp;{header}</arg>
<doc>Runs the keyword and checks that the expected error occurred.</doc>
<status status="PASS" start="2024-08-13T13:38:30.575953" elapsed="0.229703"/>
</kw>
<kw name="Log To Console" owner="BuiltIn">
<arg>\n\nERROR MESSAGE:\n${error_msg}</arg>
<doc>Logs the given message to the console.</doc>
<status status="PASS" start="2024-08-13T13:38:30.805656" elapsed="0.001002"/>
</kw>
<kw name="Should Start With" owner="BuiltIn">
<arg>${error_msg}</arg>
<arg>HTTPError: 401</arg>
<doc>Fails if the string ``str1`` does not start with the string ``str2``.</doc>
<status status="PASS" start="2024-08-13T13:38:30.806658" elapsed="0.000000"/>
</kw>
<status status="PASS" start="2024-08-13T13:38:30.575953" elapsed="0.230705"/>
</branch>
<branch type="EXCEPT">
<kw name="Fail" owner="BuiltIn">
<arg>msg=Failed to access URL</arg>
<doc>Fails the test with the given message and optionally alters its tags.</doc>
<status status="NOT RUN" start="2024-08-13T13:38:30.806658" elapsed="0.000000"/>
</kw>
<status status="NOT RUN" start="2024-08-13T13:38:30.806658" elapsed="0.000000"/>
</branch>
<status status="PASS" start="2024-08-13T13:38:30.575953" elapsed="0.230705"/>
</try>
<status status="PASS" start="2024-08-13T13:38:30.575953" elapsed="0.230705"/>
</test>
<status status="PASS" start="2024-08-13T13:38:30.138629" elapsed="0.669008"/>
</suite>
<status status="PASS" start="2024-08-13T13:38:21.352334" elapsed="9.455303"/>
</suite>
<statistics>
<total>
<stat pass="22" fail="0" skip="0">All Tests</stat>
</total>
<tag>
<stat pass="14" fail="0" skip="0">api</stat>
<stat pass="1" fail="0" skip="0">api-test</stat>
</tag>
<suite>
<stat pass="22" fail="0" skip="0" id="s1" name="Tests">Tests</stat>
<stat pass="1" fail="0" skip="0" id="s1-s1" name="TC 001 Get Request">Tests.TC 001 Get Request</stat>
<stat pass="1" fail="0" skip="0" id="s1-s2" name="TC 002 Post Request">Tests.TC 002 Post Request</stat>
<stat pass="1" fail="0" skip="0" id="s1-s3" name="TC 003 Delete Request">Tests.TC 003 Delete Request</stat>
<stat pass="1" fail="0" skip="0" id="s1-s4" name="TC 004 Put Request">Tests.TC 004 Put Request</stat>
<stat pass="9" fail="0" skip="0" id="s1-s5" name="TC 005 Post With Simple Template">Tests.TC 005 Post With Simple Template</stat>
<stat pass="2" fail="0" skip="0" id="s1-s6" name="TC 006 Post With Files As Template Argument">Tests.TC 006 Post With Files As Template Argument</stat>
<stat pass="4" fail="0" skip="0" id="s1-s7" name="TC 007 Process Complex Json">Tests.TC 007 Process Complex Json</stat>
<stat pass="3" fail="0" skip="0" id="s1-s8" name="TC 008 Token Authentication">Tests.TC 008 Token Authentication</stat>
</suite>
</statistics>
<errors>
</errors>
</robot>
